Using pre-set license
Built from '2020.3/staging' branch; Version is '2020.3.13f1 (71691879b7f5) revision 7432472'; Using compiler version '192528614'; Build Type 'Release'
OS: 'Windows 10 Pro; OS build 19042.1110; Version 2009; 64bit' Language: 'en' Physical Memory: 16334 MB
BatchMode: 1, IsHumanControllingUs: 0, StartBugReporterOnCrash: 0, Is64bit: 1, IsPro: 0

 COMMAND LINE ARGUMENTS:
C:\Program Files (x86)\Unity\2020.3.13f1\Editor\Unity.exe
-adb2
-batchMode
-noUpm
-name
AssetImportWorker1
-projectPath
D:/Unity Projects/RPG Combat/RPG Combat Project
-logFile
Logs/AssetImportWorker1.log
-srvPort
51544
Successfully changed project path to: D:/Unity Projects/RPG Combat/RPG Combat Project
D:/Unity Projects/RPG Combat/RPG Combat Project
Using Asset Import Pipeline V2.
Refreshing native plugins compatible for Editor in 49.02 ms, found 2 plugins.
Preloading 0 native plugins for Editor in 0.00 ms.
Initialize engine version: 2020.3.13f1 (71691879b7f5)
[Subsystems] Discovering subsystems at path C:/Program Files (x86)/Unity/2020.3.13f1/Editor/Data/Resources/UnitySubsystems
[Subsystems] Discovering subsystems at path D:/Unity Projects/RPG Combat/RPG Combat Project/Assets
GfxDevice: creating device client; threaded=0
Direct3D:
    Version:  Direct3D 11.0 [level 11.1]
    Renderer: AMD Radeon RX 5700 XT (ID=0x731f)
    Vendor:   
    VRAM:     8151 MB
    Driver:   27.20.21003.8013
Initialize mono
Mono path[0] = 'C:/Program Files (x86)/Unity/2020.3.13f1/Editor/Data/Managed'
Mono path[1] = 'C:/Program Files (x86)/Unity/2020.3.13f1/Editor/Data/MonoBleedingEdge/lib/mono/unityjit'
Mono config path = 'C:/Program Files (x86)/Unity/2020.3.13f1/Editor/Data/MonoBleedingEdge/etc'
Using monoOptions --debugger-agent=transport=dt_socket,embedding=1,server=y,suspend=n,address=127.0.0.1:56392
Begin MonoManager ReloadAssembly
Registering precompiled unity dll's ...
Register platform support module: C:/Program Files (x86)/Unity/2020.3.13f1/Editor/Data/PlaybackEngines/WebGLSupport/UnityEditor.WebGL.Extensions.dll
Register platform support module: C:/Program Files (x86)/Unity/2020.3.13f1/Editor/Data/PlaybackEngines/WindowsStandaloneSupport/UnityEditor.WindowsStandalone.Extensions.dll
Registered in 0.001930 seconds.
Native extension for WindowsStandalone target not found
Native extension for WebGL target not found
Refreshing native plugins compatible for Editor in 44.60 ms, found 2 plugins.
Preloading 0 native plugins for Editor in 0.00 ms.
Mono: successfully reloaded assembly
- Completed reload, in  1.419 seconds
Platform modules already initialized, skipping
Registering precompiled user dll's ...
Registered in 0.003238 seconds.
Begin MonoManager ReloadAssembly
Native extension for WindowsStandalone target not found
Native extension for WebGL target not found
Refreshing native plugins compatible for Editor in 0.72 ms, found 2 plugins.
Preloading 0 native plugins for Editor in 0.00 ms.
Mono: successfully reloaded assembly
- Completed reload, in  1.077 seconds
Platform modules already initialized, skipping
========================================================================
Worker process is ready to serve import requests
Launched and connected shader compiler UnityShaderCompiler.exe after 0.04 seconds
Refreshing native plugins compatible for Editor in 0.71 ms, found 2 plugins.
Preloading 0 native plugins for Editor in 0.00 ms.
Unloading 2252 Unused Serialized files (Serialized files now loaded: 0)
System memory in use before: 105.2 MB.
System memory in use after: 105.4 MB.

Unloading 59 unused Assets to reduce memory usage. Loaded Objects now: 2676.
Total: 4.791400 ms (FindLiveObjects: 0.190500 ms CreateObjectMapping: 0.055300 ms MarkObjects: 4.461700 ms  DeleteObjects: 0.083200 ms)

AssetImportParameters requested are different than current active one (requested -> active):
  custom:framework-win-MediaFoundation: 216162199b28c13a410421893ffa2e32 -> 
  custom:video-decoder-ogg-theora: a1e56fd34408186e4bbccfd4996cb3dc -> 
  custom:container-muxer-webm: aa71ff27fc2769a1b78a27578f13a17b -> 
  custom:container-demuxer-webm: 4f35f7cbe854078d1ac9338744f61a02 -> 
  custom:container-demuxer-ogg: 62fdf1f143b41e24485cea50d1cbac27 -> 
  custom:video-encoder-webm-vp8: eb34c28f22e8b96e1ab97ce403110664 -> 
  custom:video-decoder-webm-vp8: 9c59270c3fd7afecdb556c50c9e8de78 -> 
  custom:audio-decoder-ogg-vorbis: bf7c407c2cedff20999df2af8eb42d56 -> 
  custom:audio-encoder-webm-vorbis: bf7c407c2cedff20999df2af8eb42d56 -> 
========================================================================
Received Import Request.
  path: Assets/Game/Quests/Resources/Ain't that a kick in the head.asset
  artifactKey: Guid(ea7bd56ec2528844c9fc703be00594ab) Importer(815301076,1909f56bfc062723c751e8b465ee728b)
Start importing Assets/Game/Quests/Resources/Ain't that a kick in the head.asset using Guid(ea7bd56ec2528844c9fc703be00594ab) Importer(815301076,1909f56bfc062723c751e8b465ee728b)  -> (artifact id: 'f38f208de97707fdd1a7c9d078ee4e15') in 0.035221 seconds 
  Import took 0.047836 seconds .

========================================================================
Received Prepare
Registering precompiled user dll's ...
Registered in 0.003178 seconds.
Begin MonoManager ReloadAssembly
Native extension for WindowsStandalone target not found
Native extension for WebGL target not found
Refreshing native plugins compatible for Editor in 0.75 ms, found 2 plugins.
Preloading 0 native plugins for Editor in 0.00 ms.
Mono: successfully reloaded assembly
- Completed reload, in  0.978 seconds
Platform modules already initialized, skipping
Refreshing native plugins compatible for Editor in 0.79 ms, found 2 plugins.
Preloading 0 native plugins for Editor in 0.00 ms.
Unloading 2228 Unused Serialized files (Serialized files now loaded: 0)
System memory in use before: 103.5 MB.
System memory in use after: 103.6 MB.

Unloading 50 unused Assets to reduce memory usage. Loaded Objects now: 2679.
Total: 4.634400 ms (FindLiveObjects: 0.180700 ms CreateObjectMapping: 0.053000 ms MarkObjects: 4.377800 ms  DeleteObjects: 0.022100 ms)

AssetImportParameters requested are different than current active one (requested -> active):
  custom:framework-win-MediaFoundation: 216162199b28c13a410421893ffa2e32 -> 
  custom:video-decoder-ogg-theora: a1e56fd34408186e4bbccfd4996cb3dc -> 
  custom:container-muxer-webm: aa71ff27fc2769a1b78a27578f13a17b -> 
  custom:container-demuxer-webm: 4f35f7cbe854078d1ac9338744f61a02 -> 
  custom:container-demuxer-ogg: 62fdf1f143b41e24485cea50d1cbac27 -> 
  custom:video-encoder-webm-vp8: eb34c28f22e8b96e1ab97ce403110664 -> 
  custom:video-decoder-webm-vp8: 9c59270c3fd7afecdb556c50c9e8de78 -> 
  custom:audio-decoder-ogg-vorbis: bf7c407c2cedff20999df2af8eb42d56 -> 
  custom:audio-encoder-webm-vorbis: bf7c407c2cedff20999df2af8eb42d56 -> 
========================================================================
Received Prepare
Registering precompiled user dll's ...
Registered in 0.003601 seconds.
Begin MonoManager ReloadAssembly
Native extension for WindowsStandalone target not found
Native extension for WebGL target not found
Refreshing native plugins compatible for Editor in 0.78 ms, found 2 plugins.
Preloading 0 native plugins for Editor in 0.00 ms.
Mono: successfully reloaded assembly
- Completed reload, in  0.973 seconds
Platform modules already initialized, skipping
Refreshing native plugins compatible for Editor in 0.76 ms, found 2 plugins.
Preloading 0 native plugins for Editor in 0.00 ms.
Unloading 2228 Unused Serialized files (Serialized files now loaded: 0)
System memory in use before: 103.6 MB.
System memory in use after: 103.8 MB.

Unloading 50 unused Assets to reduce memory usage. Loaded Objects now: 2682.
Total: 4.652300 ms (FindLiveObjects: 0.221700 ms CreateObjectMapping: 0.062300 ms MarkObjects: 4.346600 ms  DeleteObjects: 0.020300 ms)

AssetImportParameters requested are different than current active one (requested -> active):
  custom:framework-win-MediaFoundation: 216162199b28c13a410421893ffa2e32 -> 
  custom:video-decoder-ogg-theora: a1e56fd34408186e4bbccfd4996cb3dc -> 
  custom:container-muxer-webm: aa71ff27fc2769a1b78a27578f13a17b -> 
  custom:container-demuxer-webm: 4f35f7cbe854078d1ac9338744f61a02 -> 
  custom:container-demuxer-ogg: 62fdf1f143b41e24485cea50d1cbac27 -> 
  custom:video-encoder-webm-vp8: eb34c28f22e8b96e1ab97ce403110664 -> 
  custom:video-decoder-webm-vp8: 9c59270c3fd7afecdb556c50c9e8de78 -> 
  custom:audio-decoder-ogg-vorbis: bf7c407c2cedff20999df2af8eb42d56 -> 
  custom:audio-encoder-webm-vorbis: bf7c407c2cedff20999df2af8eb42d56 -> 
========================================================================
Received Prepare
Registering precompiled user dll's ...
Registered in 0.003343 seconds.
Begin MonoManager ReloadAssembly
Native extension for WindowsStandalone target not found
Native extension for WebGL target not found
Refreshing native plugins compatible for Editor in 0.80 ms, found 2 plugins.
Preloading 0 native plugins for Editor in 0.00 ms.
Mono: successfully reloaded assembly
- Completed reload, in  1.041 seconds
Platform modules already initialized, skipping
Refreshing native plugins compatible for Editor in 0.80 ms, found 2 plugins.
Preloading 0 native plugins for Editor in 0.00 ms.
Unloading 2228 Unused Serialized files (Serialized files now loaded: 0)
System memory in use before: 103.7 MB.
System memory in use after: 103.9 MB.

Unloading 50 unused Assets to reduce memory usage. Loaded Objects now: 2685.
Total: 4.916400 ms (FindLiveObjects: 0.218900 ms CreateObjectMapping: 0.056500 ms MarkObjects: 4.616700 ms  DeleteObjects: 0.023000 ms)

AssetImportParameters requested are different than current active one (requested -> active):
  custom:framework-win-MediaFoundation: 216162199b28c13a410421893ffa2e32 -> 
  custom:video-decoder-ogg-theora: a1e56fd34408186e4bbccfd4996cb3dc -> 
  custom:container-muxer-webm: aa71ff27fc2769a1b78a27578f13a17b -> 
  custom:container-demuxer-webm: 4f35f7cbe854078d1ac9338744f61a02 -> 
  custom:container-demuxer-ogg: 62fdf1f143b41e24485cea50d1cbac27 -> 
  custom:video-encoder-webm-vp8: eb34c28f22e8b96e1ab97ce403110664 -> 
  custom:video-decoder-webm-vp8: 9c59270c3fd7afecdb556c50c9e8de78 -> 
  custom:audio-decoder-ogg-vorbis: bf7c407c2cedff20999df2af8eb42d56 -> 
  custom:audio-encoder-webm-vorbis: bf7c407c2cedff20999df2af8eb42d56 -> 
========================================================================
Received Prepare
Registering precompiled user dll's ...
Registered in 0.002978 seconds.
Begin MonoManager ReloadAssembly
Native extension for WindowsStandalone target not found
Native extension for WebGL target not found
Refreshing native plugins compatible for Editor in 0.77 ms, found 2 plugins.
Preloading 0 native plugins for Editor in 0.00 ms.
Mono: successfully reloaded assembly
- Completed reload, in  0.976 seconds
Platform modules already initialized, skipping
Refreshing native plugins compatible for Editor in 0.79 ms, found 2 plugins.
Preloading 0 native plugins for Editor in 0.00 ms.
Unloading 2228 Unused Serialized files (Serialized files now loaded: 0)
System memory in use before: 103.7 MB.
System memory in use after: 103.9 MB.

Unloading 50 unused Assets to reduce memory usage. Loaded Objects now: 2688.
Total: 4.701000 ms (FindLiveObjects: 0.204600 ms CreateObjectMapping: 0.057900 ms MarkObjects: 4.415600 ms  DeleteObjects: 0.022000 ms)

AssetImportParameters requested are different than current active one (requested -> active):
  custom:framework-win-MediaFoundation: 216162199b28c13a410421893ffa2e32 -> 
  custom:video-decoder-ogg-theora: a1e56fd34408186e4bbccfd4996cb3dc -> 
  custom:container-muxer-webm: aa71ff27fc2769a1b78a27578f13a17b -> 
  custom:container-demuxer-webm: 4f35f7cbe854078d1ac9338744f61a02 -> 
  custom:container-demuxer-ogg: 62fdf1f143b41e24485cea50d1cbac27 -> 
  custom:video-encoder-webm-vp8: eb34c28f22e8b96e1ab97ce403110664 -> 
  custom:video-decoder-webm-vp8: 9c59270c3fd7afecdb556c50c9e8de78 -> 
  custom:audio-decoder-ogg-vorbis: bf7c407c2cedff20999df2af8eb42d56 -> 
  custom:audio-encoder-webm-vorbis: bf7c407c2cedff20999df2af8eb42d56 -> 
========================================================================
Received Prepare
Registering precompiled user dll's ...
Registered in 0.003026 seconds.
Begin MonoManager ReloadAssembly
Native extension for WindowsStandalone target not found
Native extension for WebGL target not found
Refreshing native plugins compatible for Editor in 0.80 ms, found 2 plugins.
Preloading 0 native plugins for Editor in 0.00 ms.
Mono: successfully reloaded assembly
- Completed reload, in  0.986 seconds
Platform modules already initialized, skipping
Refreshing native plugins compatible for Editor in 0.76 ms, found 2 plugins.
Preloading 0 native plugins for Editor in 0.00 ms.
Unloading 2228 Unused Serialized files (Serialized files now loaded: 0)
System memory in use before: 103.6 MB.
System memory in use after: 103.8 MB.

Unloading 50 unused Assets to reduce memory usage. Loaded Objects now: 2691.
Total: 4.670600 ms (FindLiveObjects: 0.192400 ms CreateObjectMapping: 0.058900 ms MarkObjects: 4.395600 ms  DeleteObjects: 0.022500 ms)

AssetImportParameters requested are different than current active one (requested -> active):
  custom:framework-win-MediaFoundation: 216162199b28c13a410421893ffa2e32 -> 
  custom:video-decoder-ogg-theora: a1e56fd34408186e4bbccfd4996cb3dc -> 
  custom:container-muxer-webm: aa71ff27fc2769a1b78a27578f13a17b -> 
  custom:container-demuxer-webm: 4f35f7cbe854078d1ac9338744f61a02 -> 
  custom:container-demuxer-ogg: 62fdf1f143b41e24485cea50d1cbac27 -> 
  custom:video-encoder-webm-vp8: eb34c28f22e8b96e1ab97ce403110664 -> 
  custom:video-decoder-webm-vp8: 9c59270c3fd7afecdb556c50c9e8de78 -> 
  custom:audio-decoder-ogg-vorbis: bf7c407c2cedff20999df2af8eb42d56 -> 
  custom:audio-encoder-webm-vorbis: bf7c407c2cedff20999df2af8eb42d56 -> 
========================================================================
Received Prepare
Registering precompiled user dll's ...
Registered in 0.003190 seconds.
Begin MonoManager ReloadAssembly
Native extension for WindowsStandalone target not found
Native extension for WebGL target not found
Refreshing native plugins compatible for Editor in 0.79 ms, found 2 plugins.
Preloading 0 native plugins for Editor in 0.00 ms.
Mono: successfully reloaded assembly
- Completed reload, in  1.036 seconds
Platform modules already initialized, skipping
Refreshing native plugins compatible for Editor in 0.76 ms, found 2 plugins.
Preloading 0 native plugins for Editor in 0.00 ms.
Unloading 2228 Unused Serialized files (Serialized files now loaded: 0)
System memory in use before: 103.7 MB.
System memory in use after: 103.9 MB.

Unloading 50 unused Assets to reduce memory usage. Loaded Objects now: 2694.
Total: 4.906900 ms (FindLiveObjects: 0.226600 ms CreateObjectMapping: 0.056800 ms MarkObjects: 4.599600 ms  DeleteObjects: 0.023000 ms)

AssetImportParameters requested are different than current active one (requested -> active):
  custom:framework-win-MediaFoundation: 216162199b28c13a410421893ffa2e32 -> 
  custom:video-decoder-ogg-theora: a1e56fd34408186e4bbccfd4996cb3dc -> 
  custom:container-muxer-webm: aa71ff27fc2769a1b78a27578f13a17b -> 
  custom:container-demuxer-webm: 4f35f7cbe854078d1ac9338744f61a02 -> 
  custom:container-demuxer-ogg: 62fdf1f143b41e24485cea50d1cbac27 -> 
  custom:video-encoder-webm-vp8: eb34c28f22e8b96e1ab97ce403110664 -> 
  custom:video-decoder-webm-vp8: 9c59270c3fd7afecdb556c50c9e8de78 -> 
  custom:audio-decoder-ogg-vorbis: bf7c407c2cedff20999df2af8eb42d56 -> 
  custom:audio-encoder-webm-vorbis: bf7c407c2cedff20999df2af8eb42d56 -> 
========================================================================
Received Prepare
Registering precompiled user dll's ...
Registered in 0.003050 seconds.
Begin MonoManager ReloadAssembly
Native extension for WindowsStandalone target not found
Native extension for WebGL target not found
Refreshing native plugins compatible for Editor in 0.78 ms, found 2 plugins.
Preloading 0 native plugins for Editor in 0.00 ms.
Mono: successfully reloaded assembly
- Completed reload, in  0.998 seconds
Platform modules already initialized, skipping
Refreshing native plugins compatible for Editor in 0.76 ms, found 2 plugins.
Preloading 0 native plugins for Editor in 0.00 ms.
Unloading 2228 Unused Serialized files (Serialized files now loaded: 0)
System memory in use before: 103.7 MB.
System memory in use after: 103.9 MB.

Unloading 50 unused Assets to reduce memory usage. Loaded Objects now: 2697.
Total: 4.855800 ms (FindLiveObjects: 0.205200 ms CreateObjectMapping: 0.056400 ms MarkObjects: 4.566900 ms  DeleteObjects: 0.026200 ms)

AssetImportParameters requested are different than current active one (requested -> active):
  custom:framework-win-MediaFoundation: 216162199b28c13a410421893ffa2e32 -> 
  custom:video-decoder-ogg-theora: a1e56fd34408186e4bbccfd4996cb3dc -> 
  custom:container-muxer-webm: aa71ff27fc2769a1b78a27578f13a17b -> 
  custom:container-demuxer-webm: 4f35f7cbe854078d1ac9338744f61a02 -> 
  custom:container-demuxer-ogg: 62fdf1f143b41e24485cea50d1cbac27 -> 
  custom:video-encoder-webm-vp8: eb34c28f22e8b96e1ab97ce403110664 -> 
  custom:video-decoder-webm-vp8: 9c59270c3fd7afecdb556c50c9e8de78 -> 
  custom:audio-decoder-ogg-vorbis: bf7c407c2cedff20999df2af8eb42d56 -> 
  custom:audio-encoder-webm-vorbis: bf7c407c2cedff20999df2af8eb42d56 -> 
========================================================================
Received Prepare
Registering precompiled user dll's ...
Registered in 0.003016 seconds.
Begin MonoManager ReloadAssembly
Native extension for WindowsStandalone target not found
Native extension for WebGL target not found
Refreshing native plugins compatible for Editor in 0.79 ms, found 2 plugins.
Preloading 0 native plugins for Editor in 0.00 ms.
Mono: successfully reloaded assembly
- Completed reload, in  0.995 seconds
Platform modules already initialized, skipping
Refreshing native plugins compatible for Editor in 0.79 ms, found 2 plugins.
Preloading 0 native plugins for Editor in 0.00 ms.
Unloading 2228 Unused Serialized files (Serialized files now loaded: 0)
System memory in use before: 103.7 MB.
System memory in use after: 103.9 MB.

Unloading 50 unused Assets to reduce memory usage. Loaded Objects now: 2700.
Total: 4.741500 ms (FindLiveObjects: 0.186800 ms CreateObjectMapping: 0.054400 ms MarkObjects: 4.474900 ms  DeleteObjects: 0.024600 ms)

AssetImportParameters requested are different than current active one (requested -> active):
  custom:framework-win-MediaFoundation: 216162199b28c13a410421893ffa2e32 -> 
  custom:video-decoder-ogg-theora: a1e56fd34408186e4bbccfd4996cb3dc -> 
  custom:container-muxer-webm: aa71ff27fc2769a1b78a27578f13a17b -> 
  custom:container-demuxer-webm: 4f35f7cbe854078d1ac9338744f61a02 -> 
  custom:container-demuxer-ogg: 62fdf1f143b41e24485cea50d1cbac27 -> 
  custom:video-encoder-webm-vp8: eb34c28f22e8b96e1ab97ce403110664 -> 
  custom:video-decoder-webm-vp8: 9c59270c3fd7afecdb556c50c9e8de78 -> 
  custom:audio-decoder-ogg-vorbis: bf7c407c2cedff20999df2af8eb42d56 -> 
  custom:audio-encoder-webm-vorbis: bf7c407c2cedff20999df2af8eb42d56 -> 
========================================================================
Received Prepare
Registering precompiled user dll's ...
Registered in 0.004572 seconds.
Begin MonoManager ReloadAssembly
Native extension for WindowsStandalone target not found
Native extension for WebGL target not found
Refreshing native plugins compatible for Editor in 0.76 ms, found 2 plugins.
Preloading 0 native plugins for Editor in 0.00 ms.
Mono: successfully reloaded assembly
- Completed reload, in  1.042 seconds
Platform modules already initialized, skipping
Refreshing native plugins compatible for Editor in 0.75 ms, found 2 plugins.
Preloading 0 native plugins for Editor in 0.00 ms.
Unloading 2228 Unused Serialized files (Serialized files now loaded: 0)
System memory in use before: 103.7 MB.
System memory in use after: 103.9 MB.

Unloading 50 unused Assets to reduce memory usage. Loaded Objects now: 2703.
Total: 4.860500 ms (FindLiveObjects: 0.207100 ms CreateObjectMapping: 0.054700 ms MarkObjects: 4.576600 ms  DeleteObjects: 0.020800 ms)

AssetImportParameters requested are different than current active one (requested -> active):
  custom:framework-win-MediaFoundation: 216162199b28c13a410421893ffa2e32 -> 
  custom:video-decoder-ogg-theora: a1e56fd34408186e4bbccfd4996cb3dc -> 
  custom:container-muxer-webm: aa71ff27fc2769a1b78a27578f13a17b -> 
  custom:container-demuxer-webm: 4f35f7cbe854078d1ac9338744f61a02 -> 
  custom:container-demuxer-ogg: 62fdf1f143b41e24485cea50d1cbac27 -> 
  custom:video-encoder-webm-vp8: eb34c28f22e8b96e1ab97ce403110664 -> 
  custom:video-decoder-webm-vp8: 9c59270c3fd7afecdb556c50c9e8de78 -> 
  custom:audio-decoder-ogg-vorbis: bf7c407c2cedff20999df2af8eb42d56 -> 
  custom:audio-encoder-webm-vorbis: bf7c407c2cedff20999df2af8eb42d56 -> 
========================================================================
Received Prepare
Registering precompiled user dll's ...
Registered in 0.003014 seconds.
Begin MonoManager ReloadAssembly
Native extension for WindowsStandalone target not found
Native extension for WebGL target not found
Refreshing native plugins compatible for Editor in 0.74 ms, found 2 plugins.
Preloading 0 native plugins for Editor in 0.00 ms.
Mono: successfully reloaded assembly
- Completed reload, in  0.963 seconds
Platform modules already initialized, skipping
Refreshing native plugins compatible for Editor in 0.78 ms, found 2 plugins.
Preloading 0 native plugins for Editor in 0.00 ms.
Unloading 2228 Unused Serialized files (Serialized files now loaded: 0)
System memory in use before: 103.6 MB.
System memory in use after: 103.9 MB.

Unloading 50 unused Assets to reduce memory usage. Loaded Objects now: 2706.
Total: 6.100900 ms (FindLiveObjects: 0.755400 ms CreateObjectMapping: 0.081300 ms MarkObjects: 5.229500 ms  DeleteObjects: 0.033100 ms)

AssetImportParameters requested are different than current active one (requested -> active):
  custom:framework-win-MediaFoundation: 216162199b28c13a410421893ffa2e32 -> 
  custom:video-decoder-ogg-theora: a1e56fd34408186e4bbccfd4996cb3dc -> 
  custom:container-muxer-webm: aa71ff27fc2769a1b78a27578f13a17b -> 
  custom:container-demuxer-webm: 4f35f7cbe854078d1ac9338744f61a02 -> 
  custom:container-demuxer-ogg: 62fdf1f143b41e24485cea50d1cbac27 -> 
  custom:video-encoder-webm-vp8: eb34c28f22e8b96e1ab97ce403110664 -> 
  custom:video-decoder-webm-vp8: 9c59270c3fd7afecdb556c50c9e8de78 -> 
  custom:audio-decoder-ogg-vorbis: bf7c407c2cedff20999df2af8eb42d56 -> 
  custom:audio-encoder-webm-vorbis: bf7c407c2cedff20999df2af8eb42d56 -> 
========================================================================
Received Prepare
Registering precompiled user dll's ...
Registered in 0.003023 seconds.
Begin MonoManager ReloadAssembly
Native extension for WindowsStandalone target not found
Native extension for WebGL target not found
Refreshing native plugins compatible for Editor in 0.90 ms, found 2 plugins.
Preloading 0 native plugins for Editor in 0.00 ms.
Mono: successfully reloaded assembly
- Completed reload, in  1.011 seconds
Platform modules already initialized, skipping
Refreshing native plugins compatible for Editor in 0.76 ms, found 2 plugins.
Preloading 0 native plugins for Editor in 0.00 ms.
Unloading 2228 Unused Serialized files (Serialized files now loaded: 0)
System memory in use before: 103.7 MB.
System memory in use after: 104.0 MB.

Unloading 50 unused Assets to reduce memory usage. Loaded Objects now: 2709.
Total: 4.648700 ms (FindLiveObjects: 0.200000 ms CreateObjectMapping: 0.060600 ms MarkObjects: 4.366300 ms  DeleteObjects: 0.021300 ms)

AssetImportParameters requested are different than current active one (requested -> active):
  custom:framework-win-MediaFoundation: 216162199b28c13a410421893ffa2e32 -> 
  custom:video-decoder-ogg-theora: a1e56fd34408186e4bbccfd4996cb3dc -> 
  custom:container-muxer-webm: aa71ff27fc2769a1b78a27578f13a17b -> 
  custom:container-demuxer-webm: 4f35f7cbe854078d1ac9338744f61a02 -> 
  custom:container-demuxer-ogg: 62fdf1f143b41e24485cea50d1cbac27 -> 
  custom:video-encoder-webm-vp8: eb34c28f22e8b96e1ab97ce403110664 -> 
  custom:video-decoder-webm-vp8: 9c59270c3fd7afecdb556c50c9e8de78 -> 
  custom:audio-decoder-ogg-vorbis: bf7c407c2cedff20999df2af8eb42d56 -> 
  custom:audio-encoder-webm-vorbis: bf7c407c2cedff20999df2af8eb42d56 -> 
========================================================================
Received Prepare
Registering precompiled user dll's ...
Registered in 0.003160 seconds.
Begin MonoManager ReloadAssembly
Native extension for WindowsStandalone target not found
Native extension for WebGL target not found
Refreshing native plugins compatible for Editor in 0.82 ms, found 2 plugins.
Preloading 0 native plugins for Editor in 0.00 ms.
Mono: successfully reloaded assembly
- Completed reload, in  0.961 seconds
Platform modules already initialized, skipping
Refreshing native plugins compatible for Editor in 0.79 ms, found 2 plugins.
Preloading 0 native plugins for Editor in 0.00 ms.
Unloading 2228 Unused Serialized files (Serialized files now loaded: 0)
System memory in use before: 103.7 MB.
System memory in use after: 104.0 MB.

Unloading 50 unused Assets to reduce memory usage. Loaded Objects now: 2712.
Total: 4.588400 ms (FindLiveObjects: 0.191000 ms CreateObjectMapping: 0.057500 ms MarkObjects: 4.317000 ms  DeleteObjects: 0.022000 ms)

AssetImportParameters requested are different than current active one (requested -> active):
  custom:framework-win-MediaFoundation: 216162199b28c13a410421893ffa2e32 -> 
  custom:video-decoder-ogg-theora: a1e56fd34408186e4bbccfd4996cb3dc -> 
  custom:container-muxer-webm: aa71ff27fc2769a1b78a27578f13a17b -> 
  custom:container-demuxer-webm: 4f35f7cbe854078d1ac9338744f61a02 -> 
  custom:container-demuxer-ogg: 62fdf1f143b41e24485cea50d1cbac27 -> 
  custom:video-encoder-webm-vp8: eb34c28f22e8b96e1ab97ce403110664 -> 
  custom:video-decoder-webm-vp8: 9c59270c3fd7afecdb556c50c9e8de78 -> 
  custom:audio-decoder-ogg-vorbis: bf7c407c2cedff20999df2af8eb42d56 -> 
  custom:audio-encoder-webm-vorbis: bf7c407c2cedff20999df2af8eb42d56 -> 
========================================================================
Received Prepare
Registering precompiled user dll's ...
Registered in 0.003101 seconds.
Begin MonoManager ReloadAssembly
Native extension for WindowsStandalone target not found
Native extension for WebGL target not found
Refreshing native plugins compatible for Editor in 0.74 ms, found 2 plugins.
Preloading 0 native plugins for Editor in 0.00 ms.
Mono: successfully reloaded assembly
- Completed reload, in  0.968 seconds
Platform modules already initialized, skipping
Refreshing native plugins compatible for Editor in 0.75 ms, found 2 plugins.
Preloading 0 native plugins for Editor in 0.00 ms.
Unloading 2228 Unused Serialized files (Serialized files now loaded: 0)
System memory in use before: 103.8 MB.
System memory in use after: 104.0 MB.

Unloading 50 unused Assets to reduce memory usage. Loaded Objects now: 2715.
Total: 4.614500 ms (FindLiveObjects: 0.189400 ms CreateObjectMapping: 0.057400 ms MarkObjects: 4.347500 ms  DeleteObjects: 0.019500 ms)

AssetImportParameters requested are different than current active one (requested -> active):
  custom:framework-win-MediaFoundation: 216162199b28c13a410421893ffa2e32 -> 
  custom:video-decoder-ogg-theora: a1e56fd34408186e4bbccfd4996cb3dc -> 
  custom:container-muxer-webm: aa71ff27fc2769a1b78a27578f13a17b -> 
  custom:container-demuxer-webm: 4f35f7cbe854078d1ac9338744f61a02 -> 
  custom:container-demuxer-ogg: 62fdf1f143b41e24485cea50d1cbac27 -> 
  custom:video-encoder-webm-vp8: eb34c28f22e8b96e1ab97ce403110664 -> 
  custom:video-decoder-webm-vp8: 9c59270c3fd7afecdb556c50c9e8de78 -> 
  custom:audio-decoder-ogg-vorbis: bf7c407c2cedff20999df2af8eb42d56 -> 
  custom:audio-encoder-webm-vorbis: bf7c407c2cedff20999df2af8eb42d56 -> 
========================================================================
Received Import Request.
  Time since last request: 1656.019000 seconds.
  path: Assets/Game/Quests/Resources/Ain't that a kick in the head.asset
  artifactKey: Guid(ea7bd56ec2528844c9fc703be00594ab) Importer(815301076,1909f56bfc062723c751e8b465ee728b)
Start importing Assets/Game/Quests/Resources/Ain't that a kick in the head.asset using Guid(ea7bd56ec2528844c9fc703be00594ab) Importer(815301076,1909f56bfc062723c751e8b465ee728b)  -> (artifact id: '840864e045d016d7c035b54efccfcf02') in 0.035135 seconds 
  Import took 0.052258 seconds .

========================================================================
Received Prepare
Registering precompiled user dll's ...
Registered in 0.003418 seconds.
Begin MonoManager ReloadAssembly
Native extension for WindowsStandalone target not found
Native extension for WebGL target not found
Refreshing native plugins compatible for Editor in 0.87 ms, found 2 plugins.
Preloading 0 native plugins for Editor in 0.00 ms.
Mono: successfully reloaded assembly
- Completed reload, in  1.068 seconds
Platform modules already initialized, skipping
Refreshing native plugins compatible for Editor in 0.75 ms, found 2 plugins.
Preloading 0 native plugins for Editor in 0.00 ms.
Unloading 2228 Unused Serialized files (Serialized files now loaded: 0)
System memory in use before: 103.8 MB.
System memory in use after: 104.0 MB.

Unloading 50 unused Assets to reduce memory usage. Loaded Objects now: 2719.
Total: 4.685700 ms (FindLiveObjects: 0.198500 ms CreateObjectMapping: 0.057000 ms MarkObjects: 4.407600 ms  DeleteObjects: 0.021700 ms)

AssetImportParameters requested are different than current active one (requested -> active):
  custom:framework-win-MediaFoundation: 216162199b28c13a410421893ffa2e32 -> 
  custom:video-decoder-ogg-theora: a1e56fd34408186e4bbccfd4996cb3dc -> 
  custom:container-muxer-webm: aa71ff27fc2769a1b78a27578f13a17b -> 
  custom:container-demuxer-webm: 4f35f7cbe854078d1ac9338744f61a02 -> 
  custom:container-demuxer-ogg: 62fdf1f143b41e24485cea50d1cbac27 -> 
  custom:video-encoder-webm-vp8: eb34c28f22e8b96e1ab97ce403110664 -> 
  custom:video-decoder-webm-vp8: 9c59270c3fd7afecdb556c50c9e8de78 -> 
  custom:audio-decoder-ogg-vorbis: bf7c407c2cedff20999df2af8eb42d56 -> 
  custom:audio-encoder-webm-vorbis: bf7c407c2cedff20999df2af8eb42d56 -> 
========================================================================
Received Prepare
Registering precompiled user dll's ...
Registered in 0.003617 seconds.
Begin MonoManager ReloadAssembly
Native extension for WindowsStandalone target not found
Native extension for WebGL target not found
Refreshing native plugins compatible for Editor in 0.75 ms, found 2 plugins.
Preloading 0 native plugins for Editor in 0.00 ms.
Mono: successfully reloaded assembly
- Completed reload, in  0.973 seconds
Platform modules already initialized, skipping
Refreshing native plugins compatible for Editor in 0.78 ms, found 2 plugins.
Preloading 0 native plugins for Editor in 0.00 ms.
Unloading 2228 Unused Serialized files (Serialized files now loaded: 0)
System memory in use before: 103.7 MB.
System memory in use after: 103.9 MB.

Unloading 50 unused Assets to reduce memory usage. Loaded Objects now: 2722.
Total: 4.808600 ms (FindLiveObjects: 0.190200 ms CreateObjectMapping: 0.055700 ms MarkObjects: 4.541200 ms  DeleteObjects: 0.020700 ms)

AssetImportParameters requested are different than current active one (requested -> active):
  custom:framework-win-MediaFoundation: 216162199b28c13a410421893ffa2e32 -> 
  custom:video-decoder-ogg-theora: a1e56fd34408186e4bbccfd4996cb3dc -> 
  custom:container-muxer-webm: aa71ff27fc2769a1b78a27578f13a17b -> 
  custom:container-demuxer-webm: 4f35f7cbe854078d1ac9338744f61a02 -> 
  custom:container-demuxer-ogg: 62fdf1f143b41e24485cea50d1cbac27 -> 
  custom:video-encoder-webm-vp8: eb34c28f22e8b96e1ab97ce403110664 -> 
  custom:video-decoder-webm-vp8: 9c59270c3fd7afecdb556c50c9e8de78 -> 
  custom:audio-decoder-ogg-vorbis: bf7c407c2cedff20999df2af8eb42d56 -> 
  custom:audio-encoder-webm-vorbis: bf7c407c2cedff20999df2af8eb42d56 -> 
========================================================================
Received Import Request.
  Time since last request: 1221.586116 seconds.
  path: Assets/Scripts/Core/PersistentObjectSpawner.cs
  artifactKey: Guid(273e1b94c04097849b3e60b7f7d54792) Importer(815301076,1909f56bfc062723c751e8b465ee728b)
Start importing Assets/Scripts/Core/PersistentObjectSpawner.cs using Guid(273e1b94c04097849b3e60b7f7d54792) Importer(815301076,1909f56bfc062723c751e8b465ee728b)  -> (artifact id: '32caaf5118a870d4ed87c706d7a69e63') in 0.037323 seconds 
  Import took 0.040834 seconds .

========================================================================
Received Import Request.
  Time since last request: 14.503849 seconds.
  path: Assets/Scripts/Core/IPredicateEvaluator.cs
  artifactKey: Guid(20e9eb534408ce4459dfe47f5682edc7) Importer(815301076,1909f56bfc062723c751e8b465ee728b)
Start importing Assets/Scripts/Core/IPredicateEvaluator.cs using Guid(20e9eb534408ce4459dfe47f5682edc7) Importer(815301076,1909f56bfc062723c751e8b465ee728b)  -> (artifact id: '108e31ba64da50a7c8ee5ff6300d8346') in 0.006498 seconds 
  Import took 0.027262 seconds .

========================================================================
Received Import Request.
  Time since last request: 0.006714 seconds.
  path: Assets/Scripts/Core/IPredicateEvaluator.cs
  artifactKey: Guid(20e9eb534408ce4459dfe47f5682edc7) Importer(815301076,1909f56bfc062723c751e8b465ee728b)
Start importing Assets/Scripts/Core/IPredicateEvaluator.cs using Guid(20e9eb534408ce4459dfe47f5682edc7) Importer(815301076,1909f56bfc062723c751e8b465ee728b)  -> (artifact id: '108e31ba64da50a7c8ee5ff6300d8346') in 0.001781 seconds 
  Import took 0.005240 seconds .

========================================================================
Received Import Request.
  Time since last request: 38.728865 seconds.
  path: Assets/Scripts/Core/IPredicateEvaluator.cs
  artifactKey: Guid(20e9eb534408ce4459dfe47f5682edc7) Importer(815301076,1909f56bfc062723c751e8b465ee728b)
Start importing Assets/Scripts/Core/IPredicateEvaluator.cs using Guid(20e9eb534408ce4459dfe47f5682edc7) Importer(815301076,1909f56bfc062723c751e8b465ee728b)  -> (artifact id: 'b6c6ccf5cdbf2828f9ba34539590f564') in 0.001411 seconds 
  Import took 0.004422 seconds .

========================================================================
Received Import Request.
  Time since last request: 0.001098 seconds.
  path: Assets/Scripts/Core/IPredicateEvaluator.cs
  artifactKey: Guid(20e9eb534408ce4459dfe47f5682edc7) Importer(815301076,1909f56bfc062723c751e8b465ee728b)
Start importing Assets/Scripts/Core/IPredicateEvaluator.cs using Guid(20e9eb534408ce4459dfe47f5682edc7) Importer(815301076,1909f56bfc062723c751e8b465ee728b)  -> (artifact id: 'b6c6ccf5cdbf2828f9ba34539590f564') in 0.001211 seconds 
  Import took 0.004189 seconds .

========================================================================
Received Import Request.
  Time since last request: 26.651591 seconds.
  path: Assets/Scripts/Core/IPredicateEvaluator.cs
  artifactKey: Guid(20e9eb534408ce4459dfe47f5682edc7) Importer(815301076,1909f56bfc062723c751e8b465ee728b)
Start importing Assets/Scripts/Core/IPredicateEvaluator.cs using Guid(20e9eb534408ce4459dfe47f5682edc7) Importer(815301076,1909f56bfc062723c751e8b465ee728b)  -> (artifact id: '3c9a4ac5011ba20e17282ffdda08ba53') in 0.001758 seconds 
  Import took 0.029320 seconds .

========================================================================
Received Import Request.
  Time since last request: 78.140529 seconds.
  path: Assets/Scripts/Dialogue/Condition.cs
  artifactKey: Guid(29c0273bed6ac2947847e258d9a7856a) Importer(815301076,1909f56bfc062723c751e8b465ee728b)
Start importing Assets/Scripts/Dialogue/Condition.cs using Guid(29c0273bed6ac2947847e258d9a7856a) Importer(815301076,1909f56bfc062723c751e8b465ee728b)  -> (artifact id: 'b911ec68646649a032875cd52d6fd92f') in 0.005292 seconds 
  Import took 0.008589 seconds .

========================================================================
Received Import Request.
  Time since last request: 23.013839 seconds.
  path: Assets/Scripts/Dialogue/Condition.cs
  artifactKey: Guid(29c0273bed6ac2947847e258d9a7856a) Importer(815301076,1909f56bfc062723c751e8b465ee728b)
Start importing Assets/Scripts/Dialogue/Condition.cs using Guid(29c0273bed6ac2947847e258d9a7856a) Importer(815301076,1909f56bfc062723c751e8b465ee728b)  -> (artifact id: '0d93b6e5b1e0b588d901f38fe4030f64') in 0.005049 seconds 
  Import took 0.008135 seconds .

========================================================================
Received Import Request.
  Time since last request: 0.052765 seconds.
  path: Assets/Scripts/Dialogue/Condition.cs
  artifactKey: Guid(29c0273bed6ac2947847e258d9a7856a) Importer(815301076,1909f56bfc062723c751e8b465ee728b)
Start importing Assets/Scripts/Dialogue/Condition.cs using Guid(29c0273bed6ac2947847e258d9a7856a) Importer(815301076,1909f56bfc062723c751e8b465ee728b)  -> (artifact id: '0d93b6e5b1e0b588d901f38fe4030f64') in 0.001730 seconds 
  Import took 0.005009 seconds .

========================================================================
Received Import Request.
  Time since last request: 53.155921 seconds.
  path: Assets/Scripts/Dialogue/Condition.cs
  artifactKey: Guid(29c0273bed6ac2947847e258d9a7856a) Importer(815301076,1909f56bfc062723c751e8b465ee728b)
Start importing Assets/Scripts/Dialogue/Condition.cs using Guid(29c0273bed6ac2947847e258d9a7856a) Importer(815301076,1909f56bfc062723c751e8b465ee728b)  -> (artifact id: 'f651c2c08d9ce743b21643ad7aae3876') in 0.001628 seconds 
  Import took 0.004689 seconds .

========================================================================
Received Import Request.
  Time since last request: 0.128678 seconds.
  path: Assets/Scripts/Dialogue/Condition.cs
  artifactKey: Guid(29c0273bed6ac2947847e258d9a7856a) Importer(815301076,1909f56bfc062723c751e8b465ee728b)
Start importing Assets/Scripts/Dialogue/Condition.cs using Guid(29c0273bed6ac2947847e258d9a7856a) Importer(815301076,1909f56bfc062723c751e8b465ee728b)  -> (artifact id: 'f651c2c08d9ce743b21643ad7aae3876') in 0.001476 seconds 
  Import took 0.005039 seconds .

========================================================================
Received Import Request.
  Time since last request: 33.886176 seconds.
  path: Assets/Scripts/Dialogue/Condition.cs
  artifactKey: Guid(29c0273bed6ac2947847e258d9a7856a) Importer(815301076,1909f56bfc062723c751e8b465ee728b)
Start importing Assets/Scripts/Dialogue/Condition.cs using Guid(29c0273bed6ac2947847e258d9a7856a) Importer(815301076,1909f56bfc062723c751e8b465ee728b)  -> (artifact id: '34e0657de296782f3c05acc1c73e6923') in 0.001713 seconds 
  Import took 0.024782 seconds .

========================================================================
Received Import Request.
  Time since last request: 44.218536 seconds.
  path: Assets/Scripts/Dialogue/Condition.cs
  artifactKey: Guid(29c0273bed6ac2947847e258d9a7856a) Importer(815301076,1909f56bfc062723c751e8b465ee728b)
Start importing Assets/Scripts/Dialogue/Condition.cs using Guid(29c0273bed6ac2947847e258d9a7856a) Importer(815301076,1909f56bfc062723c751e8b465ee728b)  -> (artifact id: '4347b4c1925fd13af788a2971a764b4f') in 0.001637 seconds 
  Import took 0.018589 seconds .

========================================================================
Received Import Request.
  Time since last request: 0.125653 seconds.
  path: Assets/Scripts/Dialogue/Condition.cs
  artifactKey: Guid(29c0273bed6ac2947847e258d9a7856a) Importer(815301076,1909f56bfc062723c751e8b465ee728b)
Start importing Assets/Scripts/Dialogue/Condition.cs using Guid(29c0273bed6ac2947847e258d9a7856a) Importer(815301076,1909f56bfc062723c751e8b465ee728b)  -> (artifact id: '4347b4c1925fd13af788a2971a764b4f') in 0.001559 seconds 
  Import took 0.004725 seconds .

========================================================================
Received Import Request.
  Time since last request: 27.229643 seconds.
  path: Assets/Scripts/Dialogue/Condition.cs
  artifactKey: Guid(29c0273bed6ac2947847e258d9a7856a) Importer(815301076,1909f56bfc062723c751e8b465ee728b)
Start importing Assets/Scripts/Dialogue/Condition.cs using Guid(29c0273bed6ac2947847e258d9a7856a) Importer(815301076,1909f56bfc062723c751e8b465ee728b)  -> (artifact id: '25826dccda3d7319d6710026c22e809d') in 0.001694 seconds 
  Import took 0.004995 seconds .

========================================================================
Received Import Request.
  Time since last request: 0.050278 seconds.
  path: Assets/Scripts/Dialogue/Condition.cs
  artifactKey: Guid(29c0273bed6ac2947847e258d9a7856a) Importer(815301076,1909f56bfc062723c751e8b465ee728b)
Start importing Assets/Scripts/Dialogue/Condition.cs using Guid(29c0273bed6ac2947847e258d9a7856a) Importer(815301076,1909f56bfc062723c751e8b465ee728b)  -> (artifact id: '25826dccda3d7319d6710026c22e809d') in 0.001565 seconds 
  Import took 0.004734 seconds .

========================================================================
Received Import Request.
  Time since last request: 20.583667 seconds.
  path: Assets/Scripts/Dialogue/Condition.cs
  artifactKey: Guid(29c0273bed6ac2947847e258d9a7856a) Importer(815301076,1909f56bfc062723c751e8b465ee728b)
Start importing Assets/Scripts/Dialogue/Condition.cs using Guid(29c0273bed6ac2947847e258d9a7856a) Importer(815301076,1909f56bfc062723c751e8b465ee728b)  -> (artifact id: '9c1601f17111ff5e813e662e85ce265c') in 0.001567 seconds 
  Import took 0.016321 seconds .

========================================================================
Received Import Request.
  Time since last request: 0.039401 seconds.
  path: Assets/Scripts/Dialogue/Condition.cs
  artifactKey: Guid(29c0273bed6ac2947847e258d9a7856a) Importer(815301076,1909f56bfc062723c751e8b465ee728b)
Start importing Assets/Scripts/Dialogue/Condition.cs using Guid(29c0273bed6ac2947847e258d9a7856a) Importer(815301076,1909f56bfc062723c751e8b465ee728b)  -> (artifact id: '9c1601f17111ff5e813e662e85ce265c') in 0.001557 seconds 
  Import took 0.004676 seconds .

========================================================================
Received Prepare
Registering precompiled user dll's ...
Registered in 0.003085 seconds.
Begin MonoManager ReloadAssembly
Native extension for WindowsStandalone target not found
Native extension for WebGL target not found
Refreshing native plugins compatible for Editor in 0.76 ms, found 2 plugins.
Preloading 0 native plugins for Editor in 0.00 ms.
Mono: successfully reloaded assembly
- Completed reload, in  0.989 seconds
Platform modules already initialized, skipping
Refreshing native plugins compatible for Editor in 0.74 ms, found 2 plugins.
Preloading 0 native plugins for Editor in 0.00 ms.
Unloading 2230 Unused Serialized files (Serialized files now loaded: 0)
System memory in use before: 103.9 MB.
System memory in use after: 104.1 MB.

Unloading 50 unused Assets to reduce memory usage. Loaded Objects now: 2727.
Total: 4.758200 ms (FindLiveObjects: 0.209400 ms CreateObjectMapping: 0.059700 ms MarkObjects: 4.463800 ms  DeleteObjects: 0.024500 ms)

AssetImportParameters requested are different than current active one (requested -> active):
  custom:framework-win-MediaFoundation: 216162199b28c13a410421893ffa2e32 -> 
  custom:video-decoder-ogg-theora: a1e56fd34408186e4bbccfd4996cb3dc -> 
  custom:container-muxer-webm: aa71ff27fc2769a1b78a27578f13a17b -> 
  custom:container-demuxer-webm: 4f35f7cbe854078d1ac9338744f61a02 -> 
  custom:container-demuxer-ogg: 62fdf1f143b41e24485cea50d1cbac27 -> 
  custom:video-encoder-webm-vp8: eb34c28f22e8b96e1ab97ce403110664 -> 
  custom:video-decoder-webm-vp8: 9c59270c3fd7afecdb556c50c9e8de78 -> 
  custom:audio-decoder-ogg-vorbis: bf7c407c2cedff20999df2af8eb42d56 -> 
  custom:audio-encoder-webm-vorbis: bf7c407c2cedff20999df2af8eb42d56 -> 
========================================================================
Received Import Request.
  Time since last request: 482.346783 seconds.
  path: Assets/Game/Dialogue/Ain't that a kick in the head.asset
  artifactKey: Guid(67fddd9ec6a8f1e4ea5b3c76aec8d396) Importer(815301076,1909f56bfc062723c751e8b465ee728b)
Start importing Assets/Game/Dialogue/Ain't that a kick in the head.asset using Guid(67fddd9ec6a8f1e4ea5b3c76aec8d396) Importer(815301076,1909f56bfc062723c751e8b465ee728b)  -> (artifact id: '61db258abada5de8be710129837f1d75') in 0.013116 seconds 
  Import took 0.030645 seconds .

========================================================================
Received Import Request.
  Time since last request: 61.004294 seconds.
  path: Assets/Game/Dialogue/Ain't that a kick in the head.asset
  artifactKey: Guid(67fddd9ec6a8f1e4ea5b3c76aec8d396) Importer(815301076,1909f56bfc062723c751e8b465ee728b)
Start importing Assets/Game/Dialogue/Ain't that a kick in the head.asset using Guid(67fddd9ec6a8f1e4ea5b3c76aec8d396) Importer(815301076,1909f56bfc062723c751e8b465ee728b)  -> (artifact id: '1fe261bbc5121564155830237d7bd8ba') in 0.002664 seconds 
  Import took 0.014539 seconds .

========================================================================
Received Prepare
Registering precompiled user dll's ...
Registered in 0.003117 seconds.
Begin MonoManager ReloadAssembly
Native extension for WindowsStandalone target not found
Native extension for WebGL target not found
Refreshing native plugins compatible for Editor in 0.74 ms, found 2 plugins.
Preloading 0 native plugins for Editor in 0.00 ms.
Mono: successfully reloaded assembly
- Completed reload, in  1.006 seconds
Platform modules already initialized, skipping
Refreshing native plugins compatible for Editor in 0.78 ms, found 2 plugins.
Preloading 0 native plugins for Editor in 0.00 ms.
Unloading 2230 Unused Serialized files (Serialized files now loaded: 0)
System memory in use before: 103.9 MB.
System memory in use after: 104.1 MB.

Unloading 50 unused Assets to reduce memory usage. Loaded Objects now: 2730.
Total: 4.706100 ms (FindLiveObjects: 0.204000 ms CreateObjectMapping: 0.057500 ms MarkObjects: 4.424300 ms  DeleteObjects: 0.019600 ms)

AssetImportParameters requested are different than current active one (requested -> active):
  custom:framework-win-MediaFoundation: 216162199b28c13a410421893ffa2e32 -> 
  custom:video-decoder-ogg-theora: a1e56fd34408186e4bbccfd4996cb3dc -> 
  custom:container-muxer-webm: aa71ff27fc2769a1b78a27578f13a17b -> 
  custom:container-demuxer-webm: 4f35f7cbe854078d1ac9338744f61a02 -> 
  custom:container-demuxer-ogg: 62fdf1f143b41e24485cea50d1cbac27 -> 
  custom:video-encoder-webm-vp8: eb34c28f22e8b96e1ab97ce403110664 -> 
  custom:video-decoder-webm-vp8: 9c59270c3fd7afecdb556c50c9e8de78 -> 
  custom:audio-decoder-ogg-vorbis: bf7c407c2cedff20999df2af8eb42d56 -> 
  custom:audio-encoder-webm-vorbis: bf7c407c2cedff20999df2af8eb42d56 -> 
========================================================================
Received Prepare
Registering precompiled user dll's ...
Registered in 0.002978 seconds.
Begin MonoManager ReloadAssembly
Native extension for WindowsStandalone target not found
Native extension for WebGL target not found
Refreshing native plugins compatible for Editor in 0.78 ms, found 2 plugins.
Preloading 0 native plugins for Editor in 0.00 ms.
Mono: successfully reloaded assembly
- Completed reload, in  1.006 seconds
Platform modules already initialized, skipping
Refreshing native plugins compatible for Editor in 0.74 ms, found 2 plugins.
Preloading 0 native plugins for Editor in 0.00 ms.
Unloading 2230 Unused Serialized files (Serialized files now loaded: 0)
System memory in use before: 103.9 MB.
System memory in use after: 104.1 MB.

Unloading 50 unused Assets to reduce memory usage. Loaded Objects now: 2733.
Total: 4.639900 ms (FindLiveObjects: 0.198500 ms CreateObjectMapping: 0.057700 ms MarkObjects: 4.358400 ms  DeleteObjects: 0.024400 ms)

AssetImportParameters requested are different than current active one (requested -> active):
  custom:framework-win-MediaFoundation: 216162199b28c13a410421893ffa2e32 -> 
  custom:video-decoder-ogg-theora: a1e56fd34408186e4bbccfd4996cb3dc -> 
  custom:container-muxer-webm: aa71ff27fc2769a1b78a27578f13a17b -> 
  custom:container-demuxer-webm: 4f35f7cbe854078d1ac9338744f61a02 -> 
  custom:container-demuxer-ogg: 62fdf1f143b41e24485cea50d1cbac27 -> 
  custom:video-encoder-webm-vp8: eb34c28f22e8b96e1ab97ce403110664 -> 
  custom:video-decoder-webm-vp8: 9c59270c3fd7afecdb556c50c9e8de78 -> 
  custom:audio-decoder-ogg-vorbis: bf7c407c2cedff20999df2af8eb42d56 -> 
  custom:audio-encoder-webm-vorbis: bf7c407c2cedff20999df2af8eb42d56 -> 
========================================================================
Received Prepare
Registering precompiled user dll's ...
Registered in 0.003050 seconds.
Begin MonoManager ReloadAssembly
Native extension for WindowsStandalone target not found
Native extension for WebGL target not found
Refreshing native plugins compatible for Editor in 0.76 ms, found 2 plugins.
Preloading 0 native plugins for Editor in 0.00 ms.
Mono: successfully reloaded assembly
- Completed reload, in  1.004 seconds
Platform modules already initialized, skipping
Refreshing native plugins compatible for Editor in 0.76 ms, found 2 plugins.
Preloading 0 native plugins for Editor in 0.00 ms.
Unloading 2230 Unused Serialized files (Serialized files now loaded: 0)
System memory in use before: 103.9 MB.
System memory in use after: 104.1 MB.

Unloading 50 unused Assets to reduce memory usage. Loaded Objects now: 2736.
Total: 4.966500 ms (FindLiveObjects: 0.232500 ms CreateObjectMapping: 0.059900 ms MarkObjects: 4.650600 ms  DeleteObjects: 0.022400 ms)

AssetImportParameters requested are different than current active one (requested -> active):
  custom:framework-win-MediaFoundation: 216162199b28c13a410421893ffa2e32 -> 
  custom:video-decoder-ogg-theora: a1e56fd34408186e4bbccfd4996cb3dc -> 
  custom:container-muxer-webm: aa71ff27fc2769a1b78a27578f13a17b -> 
  custom:container-demuxer-webm: 4f35f7cbe854078d1ac9338744f61a02 -> 
  custom:container-demuxer-ogg: 62fdf1f143b41e24485cea50d1cbac27 -> 
  custom:video-encoder-webm-vp8: eb34c28f22e8b96e1ab97ce403110664 -> 
  custom:video-decoder-webm-vp8: 9c59270c3fd7afecdb556c50c9e8de78 -> 
  custom:audio-decoder-ogg-vorbis: bf7c407c2cedff20999df2af8eb42d56 -> 
  custom:audio-encoder-webm-vorbis: bf7c407c2cedff20999df2af8eb42d56 -> 
========================================================================
Received Prepare
Registering precompiled user dll's ...
Registered in 0.003157 seconds.
Begin MonoManager ReloadAssembly
Native extension for WindowsStandalone target not found
Native extension for WebGL target not found
Refreshing native plugins compatible for Editor in 0.92 ms, found 2 plugins.
Preloading 0 native plugins for Editor in 0.00 ms.
Mono: successfully reloaded assembly
- Completed reload, in  0.979 seconds
Platform modules already initialized, skipping
Refreshing native plugins compatible for Editor in 0.74 ms, found 2 plugins.
Preloading 0 native plugins for Editor in 0.00 ms.
Unloading 2230 Unused Serialized files (Serialized files now loaded: 0)
System memory in use before: 103.8 MB.
System memory in use after: 104.0 MB.

Unloading 50 unused Assets to reduce memory usage. Loaded Objects now: 2739.
Total: 4.869900 ms (FindLiveObjects: 0.211300 ms CreateObjectMapping: 0.062900 ms MarkObjects: 4.571000 ms  DeleteObjects: 0.023800 ms)

AssetImportParameters requested are different than current active one (requested -> active):
  custom:framework-win-MediaFoundation: 216162199b28c13a410421893ffa2e32 -> 
  custom:video-decoder-ogg-theora: a1e56fd34408186e4bbccfd4996cb3dc -> 
  custom:container-muxer-webm: aa71ff27fc2769a1b78a27578f13a17b -> 
  custom:container-demuxer-webm: 4f35f7cbe854078d1ac9338744f61a02 -> 
  custom:container-demuxer-ogg: 62fdf1f143b41e24485cea50d1cbac27 -> 
  custom:video-encoder-webm-vp8: eb34c28f22e8b96e1ab97ce403110664 -> 
  custom:video-decoder-webm-vp8: 9c59270c3fd7afecdb556c50c9e8de78 -> 
  custom:audio-decoder-ogg-vorbis: bf7c407c2cedff20999df2af8eb42d56 -> 
  custom:audio-encoder-webm-vorbis: bf7c407c2cedff20999df2af8eb42d56 -> 
========================================================================
Received Prepare
Registering precompiled user dll's ...
Registered in 0.003142 seconds.
Begin MonoManager ReloadAssembly
Native extension for WindowsStandalone target not found
Native extension for WebGL target not found
Refreshing native plugins compatible for Editor in 0.83 ms, found 2 plugins.
Preloading 0 native plugins for Editor in 0.00 ms.
Mono: successfully reloaded assembly
- Completed reload, in  0.986 seconds
Platform modules already initialized, skipping
Refreshing native plugins compatible for Editor in 0.79 ms, found 2 plugins.
Preloading 0 native plugins for Editor in 0.00 ms.
Unloading 2230 Unused Serialized files (Serialized files now loaded: 0)
System memory in use before: 103.9 MB.
System memory in use after: 104.1 MB.

Unloading 50 unused Assets to reduce memory usage. Loaded Objects now: 2742.
Total: 4.600600 ms (FindLiveObjects: 0.198000 ms CreateObjectMapping: 0.055900 ms MarkObjects: 4.325600 ms  DeleteObjects: 0.020300 ms)

AssetImportParameters requested are different than current active one (requested -> active):
  custom:framework-win-MediaFoundation: 216162199b28c13a410421893ffa2e32 -> 
  custom:video-decoder-ogg-theora: a1e56fd34408186e4bbccfd4996cb3dc -> 
  custom:container-muxer-webm: aa71ff27fc2769a1b78a27578f13a17b -> 
  custom:container-demuxer-webm: 4f35f7cbe854078d1ac9338744f61a02 -> 
  custom:container-demuxer-ogg: 62fdf1f143b41e24485cea50d1cbac27 -> 
  custom:video-encoder-webm-vp8: eb34c28f22e8b96e1ab97ce403110664 -> 
  custom:video-decoder-webm-vp8: 9c59270c3fd7afecdb556c50c9e8de78 -> 
  custom:audio-decoder-ogg-vorbis: bf7c407c2cedff20999df2af8eb42d56 -> 
  custom:audio-encoder-webm-vorbis: bf7c407c2cedff20999df2af8eb42d56 -> 
========================================================================
Received Import Request.
  Time since last request: 712.588180 seconds.
  path: Assets/Game/Dialogue/Ain't that a kick in the head.asset
  artifactKey: Guid(67fddd9ec6a8f1e4ea5b3c76aec8d396) Importer(815301076,1909f56bfc062723c751e8b465ee728b)
Start importing Assets/Game/Dialogue/Ain't that a kick in the head.asset using Guid(67fddd9ec6a8f1e4ea5b3c76aec8d396) Importer(815301076,1909f56bfc062723c751e8b465ee728b)  -> (artifact id: 'e5f938518d3af1d0fa25b11d89b65696') in 0.013309 seconds 
  Import took 0.016733 seconds .

========================================================================
Received Import Request.
  Time since last request: 36.701746 seconds.
  path: Assets/Game/Dialogue/Ain't that a kick in the head.asset
  artifactKey: Guid(67fddd9ec6a8f1e4ea5b3c76aec8d396) Importer(815301076,1909f56bfc062723c751e8b465ee728b)
Start importing Assets/Game/Dialogue/Ain't that a kick in the head.asset using Guid(67fddd9ec6a8f1e4ea5b3c76aec8d396) Importer(815301076,1909f56bfc062723c751e8b465ee728b)  -> (artifact id: 'd794e490f414e950bc2238e82a0ca1b9') in 0.002809 seconds 
  Import took 0.005724 seconds .

========================================================================
Received Import Request.
  Time since last request: 3.689449 seconds.
  path: Assets/Game/Dialogue/Ain't that a kick in the head.asset
  artifactKey: Guid(67fddd9ec6a8f1e4ea5b3c76aec8d396) Importer(815301076,1909f56bfc062723c751e8b465ee728b)
Start importing Assets/Game/Dialogue/Ain't that a kick in the head.asset using Guid(67fddd9ec6a8f1e4ea5b3c76aec8d396) Importer(815301076,1909f56bfc062723c751e8b465ee728b)  -> (artifact id: '5e208b59f5c7c2dda81c4865dd937b84') in 0.003062 seconds 
  Import took 0.056554 seconds .

========================================================================
Received Import Request.
  Time since last request: 46.660675 seconds.
  path: Assets/Game/Wearable/Resources/Ibuki Boots.asset
  artifactKey: Guid(cc19d9e5c7335b749807c3a642d8d0ef) Importer(815301076,1909f56bfc062723c751e8b465ee728b)
Start importing Assets/Game/Wearable/Resources/Ibuki Boots.asset using Guid(cc19d9e5c7335b749807c3a642d8d0ef) Importer(815301076,1909f56bfc062723c751e8b465ee728b)  -> (artifact id: 'a2fbb5b4ad66684307175935daf5ce5e') in 0.006844 seconds 
  Import took 0.009876 seconds .

========================================================================
Received Import Request.
  Time since last request: 13.803652 seconds.
  path: Assets/Game/Wearable/Resources/Ibuki Boots.asset
  artifactKey: Guid(cc19d9e5c7335b749807c3a642d8d0ef) Importer(815301076,1909f56bfc062723c751e8b465ee728b)
Start importing Assets/Game/Wearable/Resources/Ibuki Boots.asset using Guid(cc19d9e5c7335b749807c3a642d8d0ef) Importer(815301076,1909f56bfc062723c751e8b465ee728b)  -> (artifact id: '4e07740fcc12ce749bd1ec5aea519fae') in 0.002054 seconds 
  Import took 0.005187 seconds .

========================================================================
Received Import Request.
  Time since last request: 5.954044 seconds.
  path: Assets/Game/Wearable/Resources/Ibuki Boots.asset
  artifactKey: Guid(cc19d9e5c7335b749807c3a642d8d0ef) Importer(815301076,1909f56bfc062723c751e8b465ee728b)
Start importing Assets/Game/Wearable/Resources/Ibuki Boots.asset using Guid(cc19d9e5c7335b749807c3a642d8d0ef) Importer(815301076,1909f56bfc062723c751e8b465ee728b)  -> (artifact id: 'dfa3b788a3b764201cc33e07d79a6355') in 0.002188 seconds 
  Import took 0.005294 seconds .

========================================================================
Received Import Request.
  Time since last request: 11.019517 seconds.
  path: Assets/Game/Wearable/Resources/Ibuki Boots.asset
  artifactKey: Guid(cc19d9e5c7335b749807c3a642d8d0ef) Importer(815301076,1909f56bfc062723c751e8b465ee728b)
Start importing Assets/Game/Wearable/Resources/Ibuki Boots.asset using Guid(cc19d9e5c7335b749807c3a642d8d0ef) Importer(815301076,1909f56bfc062723c751e8b465ee728b)  -> (artifact id: '04297c568b7c1f61d85d389aa32b6bb5') in 0.002094 seconds 
  Import took 0.020559 seconds .

========================================================================
Received Import Request.
  Time since last request: 27.655692 seconds.
  path: Assets/Game/Wearable/Resources/Ibuki Boots.asset
  artifactKey: Guid(cc19d9e5c7335b749807c3a642d8d0ef) Importer(815301076,1909f56bfc062723c751e8b465ee728b)
Start importing Assets/Game/Wearable/Resources/Ibuki Boots.asset using Guid(cc19d9e5c7335b749807c3a642d8d0ef) Importer(815301076,1909f56bfc062723c751e8b465ee728b)  -> (artifact id: '59d409a4f693b9e81b83875ecf5431e2') in 0.003551 seconds 
  Import took 0.006884 seconds .

========================================================================
Received Import Request.
  Time since last request: 21.895343 seconds.
  path: Assets/Game/Dialogue/Ain't that a kick in the head.asset
  artifactKey: Guid(67fddd9ec6a8f1e4ea5b3c76aec8d396) Importer(815301076,1909f56bfc062723c751e8b465ee728b)
Start importing Assets/Game/Dialogue/Ain't that a kick in the head.asset using Guid(67fddd9ec6a8f1e4ea5b3c76aec8d396) Importer(815301076,1909f56bfc062723c751e8b465ee728b)  -> (artifact id: 'fc5edd02100eff87c4d602d2d47b1909') in 0.002607 seconds 
  Import took 0.005686 seconds .

========================================================================
Received Import Request.
  Time since last request: 0.058403 seconds.
  path: Assets/Game/Dialogue/Ain't that a kick in the head.asset
  artifactKey: Guid(67fddd9ec6a8f1e4ea5b3c76aec8d396) Importer(815301076,1909f56bfc062723c751e8b465ee728b)
Start importing Assets/Game/Dialogue/Ain't that a kick in the head.asset using Guid(67fddd9ec6a8f1e4ea5b3c76aec8d396) Importer(815301076,1909f56bfc062723c751e8b465ee728b)  -> (artifact id: 'fc5edd02100eff87c4d602d2d47b1909') in 0.002749 seconds 
  Import took 0.005759 seconds .

========================================================================
Received Prepare
Registering precompiled user dll's ...
Registered in 0.003680 seconds.
Begin MonoManager ReloadAssembly
Native extension for WindowsStandalone target not found
Native extension for WebGL target not found
Refreshing native plugins compatible for Editor in 0.90 ms, found 2 plugins.
Preloading 0 native plugins for Editor in 0.00 ms.
Mono: successfully reloaded assembly
- Completed reload, in  1.052 seconds
Platform modules already initialized, skipping
Refreshing native plugins compatible for Editor in 0.81 ms, found 2 plugins.
Preloading 0 native plugins for Editor in 0.00 ms.
Unloading 2230 Unused Serialized files (Serialized files now loaded: 0)
System memory in use before: 103.9 MB.
System memory in use after: 104.1 MB.

Unloading 50 unused Assets to reduce memory usage. Loaded Objects now: 2745.
Total: 5.600800 ms (FindLiveObjects: 0.272700 ms CreateObjectMapping: 0.059300 ms MarkObjects: 5.237300 ms  DeleteObjects: 0.029600 ms)

AssetImportParameters requested are different than current active one (requested -> active):
  custom:framework-win-MediaFoundation: 216162199b28c13a410421893ffa2e32 -> 
  custom:video-decoder-ogg-theora: a1e56fd34408186e4bbccfd4996cb3dc -> 
  custom:container-muxer-webm: aa71ff27fc2769a1b78a27578f13a17b -> 
  custom:container-demuxer-webm: 4f35f7cbe854078d1ac9338744f61a02 -> 
  custom:container-demuxer-ogg: 62fdf1f143b41e24485cea50d1cbac27 -> 
  custom:video-encoder-webm-vp8: eb34c28f22e8b96e1ab97ce403110664 -> 
  custom:video-decoder-webm-vp8: 9c59270c3fd7afecdb556c50c9e8de78 -> 
  custom:audio-decoder-ogg-vorbis: bf7c407c2cedff20999df2af8eb42d56 -> 
  custom:audio-encoder-webm-vorbis: bf7c407c2cedff20999df2af8eb42d56 -> 
========================================================================
Received Prepare
Registering precompiled user dll's ...
Registered in 0.003005 seconds.
Begin MonoManager ReloadAssembly
Native extension for WindowsStandalone target not found
Native extension for WebGL target not found
Refreshing native plugins compatible for Editor in 0.89 ms, found 2 plugins.
Preloading 0 native plugins for Editor in 0.00 ms.
Mono: successfully reloaded assembly
- Completed reload, in  0.996 seconds
Platform modules already initialized, skipping
Refreshing native plugins compatible for Editor in 0.75 ms, found 2 plugins.
Preloading 0 native plugins for Editor in 0.00 ms.
Unloading 2230 Unused Serialized files (Serialized files now loaded: 0)
System memory in use before: 103.9 MB.
System memory in use after: 104.1 MB.

Unloading 50 unused Assets to reduce memory usage. Loaded Objects now: 2748.
Total: 4.604600 ms (FindLiveObjects: 0.203400 ms CreateObjectMapping: 0.064500 ms MarkObjects: 4.316000 ms  DeleteObjects: 0.019800 ms)

AssetImportParameters requested are different than current active one (requested -> active):
  custom:framework-win-MediaFoundation: 216162199b28c13a410421893ffa2e32 -> 
  custom:video-decoder-ogg-theora: a1e56fd34408186e4bbccfd4996cb3dc -> 
  custom:container-muxer-webm: aa71ff27fc2769a1b78a27578f13a17b -> 
  custom:container-demuxer-webm: 4f35f7cbe854078d1ac9338744f61a02 -> 
  custom:container-demuxer-ogg: 62fdf1f143b41e24485cea50d1cbac27 -> 
  custom:video-encoder-webm-vp8: eb34c28f22e8b96e1ab97ce403110664 -> 
  custom:video-decoder-webm-vp8: 9c59270c3fd7afecdb556c50c9e8de78 -> 
  custom:audio-decoder-ogg-vorbis: bf7c407c2cedff20999df2af8eb42d56 -> 
  custom:audio-encoder-webm-vorbis: bf7c407c2cedff20999df2af8eb42d56 -> 
========================================================================
Received Prepare
Registering precompiled user dll's ...
Registered in 0.003037 seconds.
Begin MonoManager ReloadAssembly
Native extension for WindowsStandalone target not found
Native extension for WebGL target not found
Refreshing native plugins compatible for Editor in 0.78 ms, found 2 plugins.
Preloading 0 native plugins for Editor in 0.00 ms.
Mono: successfully reloaded assembly
- Completed reload, in  1.008 seconds
Platform modules already initialized, skipping
Refreshing native plugins compatible for Editor in 0.76 ms, found 2 plugins.
Preloading 0 native plugins for Editor in 0.00 ms.
Unloading 2230 Unused Serialized files (Serialized files now loaded: 0)
System memory in use before: 103.9 MB.
System memory in use after: 104.1 MB.

Unloading 50 unused Assets to reduce memory usage. Loaded Objects now: 2751.
Total: 4.781600 ms (FindLiveObjects: 0.213400 ms CreateObjectMapping: 0.057900 ms MarkObjects: 4.486400 ms  DeleteObjects: 0.023000 ms)

AssetImportParameters requested are different than current active one (requested -> active):
  custom:framework-win-MediaFoundation: 216162199b28c13a410421893ffa2e32 -> 
  custom:video-decoder-ogg-theora: a1e56fd34408186e4bbccfd4996cb3dc -> 
  custom:container-muxer-webm: aa71ff27fc2769a1b78a27578f13a17b -> 
  custom:container-demuxer-webm: 4f35f7cbe854078d1ac9338744f61a02 -> 
  custom:container-demuxer-ogg: 62fdf1f143b41e24485cea50d1cbac27 -> 
  custom:video-encoder-webm-vp8: eb34c28f22e8b96e1ab97ce403110664 -> 
  custom:video-decoder-webm-vp8: 9c59270c3fd7afecdb556c50c9e8de78 -> 
  custom:audio-decoder-ogg-vorbis: bf7c407c2cedff20999df2af8eb42d56 -> 
  custom:audio-encoder-webm-vorbis: bf7c407c2cedff20999df2af8eb42d56 -> 
========================================================================
Received Prepare
Registering precompiled user dll's ...
Registered in 0.003117 seconds.
Begin MonoManager ReloadAssembly
Native extension for WindowsStandalone target not found
Native extension for WebGL target not found
Refreshing native plugins compatible for Editor in 0.79 ms, found 2 plugins.
Preloading 0 native plugins for Editor in 0.00 ms.
Mono: successfully reloaded assembly
- Completed reload, in  0.964 seconds
Platform modules already initialized, skipping
Refreshing native plugins compatible for Editor in 0.74 ms, found 2 plugins.
Preloading 0 native plugins for Editor in 0.00 ms.
Unloading 2230 Unused Serialized files (Serialized files now loaded: 0)
System memory in use before: 103.8 MB.
System memory in use after: 104.0 MB.

Unloading 50 unused Assets to reduce memory usage. Loaded Objects now: 2754.
Total: 4.705900 ms (FindLiveObjects: 0.195300 ms CreateObjectMapping: 0.054900 ms MarkObjects: 4.434100 ms  DeleteObjects: 0.020800 ms)

AssetImportParameters requested are different than current active one (requested -> active):
  custom:framework-win-MediaFoundation: 216162199b28c13a410421893ffa2e32 -> 
  custom:video-decoder-ogg-theora: a1e56fd34408186e4bbccfd4996cb3dc -> 
  custom:container-muxer-webm: aa71ff27fc2769a1b78a27578f13a17b -> 
  custom:container-demuxer-webm: 4f35f7cbe854078d1ac9338744f61a02 -> 
  custom:container-demuxer-ogg: 62fdf1f143b41e24485cea50d1cbac27 -> 
  custom:video-encoder-webm-vp8: eb34c28f22e8b96e1ab97ce403110664 -> 
  custom:video-decoder-webm-vp8: 9c59270c3fd7afecdb556c50c9e8de78 -> 
  custom:audio-decoder-ogg-vorbis: bf7c407c2cedff20999df2af8eb42d56 -> 
  custom:audio-encoder-webm-vorbis: bf7c407c2cedff20999df2af8eb42d56 -> 
========================================================================
Received Prepare
Registering precompiled user dll's ...
Registered in 0.003102 seconds.
Begin MonoManager ReloadAssembly
Native extension for WindowsStandalone target not found
Native extension for WebGL target not found
Refreshing native plugins compatible for Editor in 0.77 ms, found 2 plugins.
Preloading 0 native plugins for Editor in 0.00 ms.
Mono: successfully reloaded assembly
- Completed reload, in  1.018 seconds
Platform modules already initialized, skipping
Refreshing native plugins compatible for Editor in 0.82 ms, found 2 plugins.
Preloading 0 native plugins for Editor in 0.00 ms.
Unloading 2230 Unused Serialized files (Serialized files now loaded: 0)
System memory in use before: 103.9 MB.
System memory in use after: 104.2 MB.

Unloading 50 unused Assets to reduce memory usage. Loaded Objects now: 2757.
Total: 4.933300 ms (FindLiveObjects: 0.226400 ms CreateObjectMapping: 0.057200 ms MarkObjects: 4.620800 ms  DeleteObjects: 0.027700 ms)

AssetImportParameters requested are different than current active one (requested -> active):
  custom:framework-win-MediaFoundation: 216162199b28c13a410421893ffa2e32 -> 
  custom:video-decoder-ogg-theora: a1e56fd34408186e4bbccfd4996cb3dc -> 
  custom:container-muxer-webm: aa71ff27fc2769a1b78a27578f13a17b -> 
  custom:container-demuxer-webm: 4f35f7cbe854078d1ac9338744f61a02 -> 
  custom:container-demuxer-ogg: 62fdf1f143b41e24485cea50d1cbac27 -> 
  custom:video-encoder-webm-vp8: eb34c28f22e8b96e1ab97ce403110664 -> 
  custom:video-decoder-webm-vp8: 9c59270c3fd7afecdb556c50c9e8de78 -> 
  custom:audio-decoder-ogg-vorbis: bf7c407c2cedff20999df2af8eb42d56 -> 
  custom:audio-encoder-webm-vorbis: bf7c407c2cedff20999df2af8eb42d56 -> 
========================================================================
Received Prepare
Registering precompiled user dll's ...
Registered in 0.002965 seconds.
Begin MonoManager ReloadAssembly
Native extension for WindowsStandalone target not found
Native extension for WebGL target not found
Refreshing native plugins compatible for Editor in 0.78 ms, found 2 plugins.
Preloading 0 native plugins for Editor in 0.00 ms.
Mono: successfully reloaded assembly
- Completed reload, in  1.016 seconds
Platform modules already initialized, skipping
Refreshing native plugins compatible for Editor in 0.74 ms, found 2 plugins.
Preloading 0 native plugins for Editor in 0.00 ms.
Unloading 2230 Unused Serialized files (Serialized files now loaded: 0)
System memory in use before: 103.9 MB.
System memory in use after: 104.2 MB.

Unloading 50 unused Assets to reduce memory usage. Loaded Objects now: 2760.
Total: 4.642800 ms (FindLiveObjects: 0.218700 ms CreateObjectMapping: 0.055300 ms MarkObjects: 4.346500 ms  DeleteObjects: 0.021200 ms)

AssetImportParameters requested are different than current active one (requested -> active):
  custom:framework-win-MediaFoundation: 216162199b28c13a410421893ffa2e32 -> 
  custom:video-decoder-ogg-theora: a1e56fd34408186e4bbccfd4996cb3dc -> 
  custom:container-muxer-webm: aa71ff27fc2769a1b78a27578f13a17b -> 
  custom:container-demuxer-webm: 4f35f7cbe854078d1ac9338744f61a02 -> 
  custom:container-demuxer-ogg: 62fdf1f143b41e24485cea50d1cbac27 -> 
  custom:video-encoder-webm-vp8: eb34c28f22e8b96e1ab97ce403110664 -> 
  custom:video-decoder-webm-vp8: 9c59270c3fd7afecdb556c50c9e8de78 -> 
  custom:audio-decoder-ogg-vorbis: bf7c407c2cedff20999df2af8eb42d56 -> 
  custom:audio-encoder-webm-vorbis: bf7c407c2cedff20999df2af8eb42d56 -> 
========================================================================
Received Prepare
Registering precompiled user dll's ...
Registered in 0.003033 seconds.
Begin MonoManager ReloadAssembly
Native extension for WindowsStandalone target not found
Native extension for WebGL target not found
Refreshing native plugins compatible for Editor in 0.75 ms, found 2 plugins.
Preloading 0 native plugins for Editor in 0.00 ms.
Mono: successfully reloaded assembly
- Completed reload, in  0.987 seconds
Platform modules already initialized, skipping
Refreshing native plugins compatible for Editor in 0.74 ms, found 2 plugins.
Preloading 0 native plugins for Editor in 0.00 ms.
Unloading 2230 Unused Serialized files (Serialized files now loaded: 0)
System memory in use before: 103.9 MB.
System memory in use after: 104.2 MB.

Unloading 50 unused Assets to reduce memory usage. Loaded Objects now: 2763.
Total: 4.908700 ms (FindLiveObjects: 0.230900 ms CreateObjectMapping: 0.068000 ms MarkObjects: 4.580000 ms  DeleteObjects: 0.028700 ms)

AssetImportParameters requested are different than current active one (requested -> active):
  custom:framework-win-MediaFoundation: 216162199b28c13a410421893ffa2e32 -> 
  custom:video-decoder-ogg-theora: a1e56fd34408186e4bbccfd4996cb3dc -> 
  custom:container-muxer-webm: aa71ff27fc2769a1b78a27578f13a17b -> 
  custom:container-demuxer-webm: 4f35f7cbe854078d1ac9338744f61a02 -> 
  custom:container-demuxer-ogg: 62fdf1f143b41e24485cea50d1cbac27 -> 
  custom:video-encoder-webm-vp8: eb34c28f22e8b96e1ab97ce403110664 -> 
  custom:video-decoder-webm-vp8: 9c59270c3fd7afecdb556c50c9e8de78 -> 
  custom:audio-decoder-ogg-vorbis: bf7c407c2cedff20999df2af8eb42d56 -> 
  custom:audio-encoder-webm-vorbis: bf7c407c2cedff20999df2af8eb42d56 -> 
========================================================================
Received Import Request.
  Time since last request: 977.912506 seconds.
  path: Assets/Game/Dialogue/Ain't that a kick in the head.asset
  artifactKey: Guid(67fddd9ec6a8f1e4ea5b3c76aec8d396) Importer(815301076,1909f56bfc062723c751e8b465ee728b)
Start importing Assets/Game/Dialogue/Ain't that a kick in the head.asset using Guid(67fddd9ec6a8f1e4ea5b3c76aec8d396) Importer(815301076,1909f56bfc062723c751e8b465ee728b)  -> (artifact id: '1a2e17e59d295e9b267673170145c045') in 0.014819 seconds 
  Import took 0.021423 seconds .

========================================================================
Received Prepare
Registering precompiled user dll's ...
Registered in 0.003039 seconds.
Begin MonoManager ReloadAssembly
Native extension for WindowsStandalone target not found
Native extension for WebGL target not found
Refreshing native plugins compatible for Editor in 0.85 ms, found 2 plugins.
Preloading 0 native plugins for Editor in 0.00 ms.
Mono: successfully reloaded assembly
- Completed reload, in  0.993 seconds
Platform modules already initialized, skipping
Refreshing native plugins compatible for Editor in 0.74 ms, found 2 plugins.
Preloading 0 native plugins for Editor in 0.00 ms.
Unloading 2230 Unused Serialized files (Serialized files now loaded: 0)
System memory in use before: 104.0 MB.
System memory in use after: 104.2 MB.

Unloading 50 unused Assets to reduce memory usage. Loaded Objects now: 2766.
Total: 4.712700 ms (FindLiveObjects: 0.187000 ms CreateObjectMapping: 0.055100 ms MarkObjects: 4.449500 ms  DeleteObjects: 0.020500 ms)

AssetImportParameters requested are different than current active one (requested -> active):
  custom:framework-win-MediaFoundation: 216162199b28c13a410421893ffa2e32 -> 
  custom:video-decoder-ogg-theora: a1e56fd34408186e4bbccfd4996cb3dc -> 
  custom:container-muxer-webm: aa71ff27fc2769a1b78a27578f13a17b -> 
  custom:container-demuxer-webm: 4f35f7cbe854078d1ac9338744f61a02 -> 
  custom:container-demuxer-ogg: 62fdf1f143b41e24485cea50d1cbac27 -> 
  custom:video-encoder-webm-vp8: eb34c28f22e8b96e1ab97ce403110664 -> 
  custom:video-decoder-webm-vp8: 9c59270c3fd7afecdb556c50c9e8de78 -> 
  custom:audio-decoder-ogg-vorbis: bf7c407c2cedff20999df2af8eb42d56 -> 
  custom:audio-encoder-webm-vorbis: bf7c407c2cedff20999df2af8eb42d56 -> 
========================================================================
Received Prepare
Registering precompiled user dll's ...
Registered in 0.003077 seconds.
Begin MonoManager ReloadAssembly
Native extension for WindowsStandalone target not found
Native extension for WebGL target not found
Refreshing native plugins compatible for Editor in 0.76 ms, found 2 plugins.
Preloading 0 native plugins for Editor in 0.00 ms.
Mono: successfully reloaded assembly
- Completed reload, in  0.977 seconds
Platform modules already initialized, skipping
Refreshing native plugins compatible for Editor in 0.75 ms, found 2 plugins.
Preloading 0 native plugins for Editor in 0.00 ms.
Unloading 2230 Unused Serialized files (Serialized files now loaded: 0)
System memory in use before: 103.9 MB.
System memory in use after: 104.1 MB.

Unloading 50 unused Assets to reduce memory usage. Loaded Objects now: 2769.
Total: 4.565800 ms (FindLiveObjects: 0.190100 ms CreateObjectMapping: 0.055100 ms MarkObjects: 4.299400 ms  DeleteObjects: 0.020200 ms)

AssetImportParameters requested are different than current active one (requested -> active):
  custom:framework-win-MediaFoundation: 216162199b28c13a410421893ffa2e32 -> 
  custom:video-decoder-ogg-theora: a1e56fd34408186e4bbccfd4996cb3dc -> 
  custom:container-muxer-webm: aa71ff27fc2769a1b78a27578f13a17b -> 
  custom:container-demuxer-webm: 4f35f7cbe854078d1ac9338744f61a02 -> 
  custom:container-demuxer-ogg: 62fdf1f143b41e24485cea50d1cbac27 -> 
  custom:video-encoder-webm-vp8: eb34c28f22e8b96e1ab97ce403110664 -> 
  custom:video-decoder-webm-vp8: 9c59270c3fd7afecdb556c50c9e8de78 -> 
  custom:audio-decoder-ogg-vorbis: bf7c407c2cedff20999df2af8eb42d56 -> 
  custom:audio-encoder-webm-vorbis: bf7c407c2cedff20999df2af8eb42d56 -> 
========================================================================
Received Import Request.
  Time since last request: 72.233866 seconds.
  path: Assets/Game/Dialogue/Ain't that a kick in the head.asset
  artifactKey: Guid(67fddd9ec6a8f1e4ea5b3c76aec8d396) Importer(815301076,1909f56bfc062723c751e8b465ee728b)
Start importing Assets/Game/Dialogue/Ain't that a kick in the head.asset using Guid(67fddd9ec6a8f1e4ea5b3c76aec8d396) Importer(815301076,1909f56bfc062723c751e8b465ee728b)  -> (artifact id: '6b5faefec035285b5286b52a4a8df096') in 0.015090 seconds 
  Import took 0.018474 seconds .

========================================================================
Received Import Request.
  Time since last request: 36.889763 seconds.
  path: Assets/Game/Dialogue/Ain't that a kick in the head.asset
  artifactKey: Guid(67fddd9ec6a8f1e4ea5b3c76aec8d396) Importer(815301076,1909f56bfc062723c751e8b465ee728b)
Start importing Assets/Game/Dialogue/Ain't that a kick in the head.asset using Guid(67fddd9ec6a8f1e4ea5b3c76aec8d396) Importer(815301076,1909f56bfc062723c751e8b465ee728b)  -> (artifact id: 'a5503c24d35ea26ac2da80c8111b8486') in 0.003014 seconds 
  Import took 0.006420 seconds .

========================================================================
Received Import Request.
  Time since last request: 35.942418 seconds.
  path: Assets/Game/Dialogue/Ain't that a kick in the head.asset
  artifactKey: Guid(67fddd9ec6a8f1e4ea5b3c76aec8d396) Importer(815301076,1909f56bfc062723c751e8b465ee728b)
Start importing Assets/Game/Dialogue/Ain't that a kick in the head.asset using Guid(67fddd9ec6a8f1e4ea5b3c76aec8d396) Importer(815301076,1909f56bfc062723c751e8b465ee728b)  -> (artifact id: '4448ec1bc0ccd3a3eba184884b7a4aae') in 0.003031 seconds 
  Import took 0.006056 seconds .

========================================================================
Received Import Request.
  Time since last request: 57.991679 seconds.
  path: Assets/Game/Dialogue/Ain't that a kick in the head.asset
  artifactKey: Guid(67fddd9ec6a8f1e4ea5b3c76aec8d396) Importer(815301076,1909f56bfc062723c751e8b465ee728b)
Start importing Assets/Game/Dialogue/Ain't that a kick in the head.asset using Guid(67fddd9ec6a8f1e4ea5b3c76aec8d396) Importer(815301076,1909f56bfc062723c751e8b465ee728b)  -> (artifact id: '43a73c744de56a2ac4b405168ac59f42') in 0.002905 seconds 
  Import took 0.019497 seconds .

========================================================================
Received Import Request.
  Time since last request: 28.883490 seconds.
  path: Assets/Game/Dialogue/Ain't that a kick in the head.asset
  artifactKey: Guid(67fddd9ec6a8f1e4ea5b3c76aec8d396) Importer(815301076,1909f56bfc062723c751e8b465ee728b)
Start importing Assets/Game/Dialogue/Ain't that a kick in the head.asset using Guid(67fddd9ec6a8f1e4ea5b3c76aec8d396) Importer(815301076,1909f56bfc062723c751e8b465ee728b)  -> (artifact id: '7950ca555fa4f1b8ca02c884f2ef95f6') in 0.002930 seconds 
  Import took 0.026134 seconds .

========================================================================
Received Import Request.
  Time since last request: 0.000253 seconds.
  path: Assets/Game/Dialogue/Ain't that a kick in the head.asset
  artifactKey: Guid(67fddd9ec6a8f1e4ea5b3c76aec8d396) Importer(815301076,1909f56bfc062723c751e8b465ee728b)
Start importing Assets/Game/Dialogue/Ain't that a kick in the head.asset using Guid(67fddd9ec6a8f1e4ea5b3c76aec8d396) Importer(815301076,1909f56bfc062723c751e8b465ee728b)  -> (artifact id: '7950ca555fa4f1b8ca02c884f2ef95f6') in 0.002687 seconds 
  Import took 0.005009 seconds .

========================================================================
Received Import Request.
  Time since last request: 22.128798 seconds.
  path: Assets/Game/Dialogue/Ain't that a kick in the head.asset
  artifactKey: Guid(67fddd9ec6a8f1e4ea5b3c76aec8d396) Importer(815301076,1909f56bfc062723c751e8b465ee728b)
Start importing Assets/Game/Dialogue/Ain't that a kick in the head.asset using Guid(67fddd9ec6a8f1e4ea5b3c76aec8d396) Importer(815301076,1909f56bfc062723c751e8b465ee728b)  -> (artifact id: 'c545a71ce2a565073a4ea013a2f3be24') in 0.003101 seconds 
  Import took 0.006219 seconds .

========================================================================
Received Import Request.
  Time since last request: 33.712799 seconds.
  path: Assets/Game/Dialogue/Ain't that a kick in the head.asset
  artifactKey: Guid(67fddd9ec6a8f1e4ea5b3c76aec8d396) Importer(815301076,1909f56bfc062723c751e8b465ee728b)
Start importing Assets/Game/Dialogue/Ain't that a kick in the head.asset using Guid(67fddd9ec6a8f1e4ea5b3c76aec8d396) Importer(815301076,1909f56bfc062723c751e8b465ee728b)  -> (artifact id: '3c789fc62b763f7166a682cefdd4164e') in 0.003041 seconds 
  Import took 0.006116 seconds .

========================================================================
Received Prepare
Registering precompiled user dll's ...
Registered in 0.003368 seconds.
Begin MonoManager ReloadAssembly
Native extension for WindowsStandalone target not found
Native extension for WebGL target not found
Refreshing native plugins compatible for Editor in 0.83 ms, found 2 plugins.
Preloading 0 native plugins for Editor in 0.00 ms.
Mono: successfully reloaded assembly
- Completed reload, in  1.064 seconds
Platform modules already initialized, skipping
Refreshing native plugins compatible for Editor in 0.78 ms, found 2 plugins.
Preloading 0 native plugins for Editor in 0.00 ms.
Unloading 2230 Unused Serialized files (Serialized files now loaded: 0)
System memory in use before: 104.0 MB.
System memory in use after: 104.2 MB.

Unloading 50 unused Assets to reduce memory usage. Loaded Objects now: 2772.
Total: 4.914400 ms (FindLiveObjects: 0.221800 ms CreateObjectMapping: 0.058500 ms MarkObjects: 4.612900 ms  DeleteObjects: 0.020300 ms)

AssetImportParameters requested are different than current active one (requested -> active):
  custom:framework-win-MediaFoundation: 216162199b28c13a410421893ffa2e32 -> 
  custom:video-decoder-ogg-theora: a1e56fd34408186e4bbccfd4996cb3dc -> 
  custom:container-muxer-webm: aa71ff27fc2769a1b78a27578f13a17b -> 
  custom:container-demuxer-webm: 4f35f7cbe854078d1ac9338744f61a02 -> 
  custom:container-demuxer-ogg: 62fdf1f143b41e24485cea50d1cbac27 -> 
  custom:video-encoder-webm-vp8: eb34c28f22e8b96e1ab97ce403110664 -> 
  custom:video-decoder-webm-vp8: 9c59270c3fd7afecdb556c50c9e8de78 -> 
  custom:audio-decoder-ogg-vorbis: bf7c407c2cedff20999df2af8eb42d56 -> 
  custom:audio-encoder-webm-vorbis: bf7c407c2cedff20999df2af8eb42d56 -> 
========================================================================
Received Import Request.
  Time since last request: 55.852531 seconds.
  path: Assets/Game/Dialogue/Ain't that a kick in the head.asset
  artifactKey: Guid(67fddd9ec6a8f1e4ea5b3c76aec8d396) Importer(815301076,1909f56bfc062723c751e8b465ee728b)
Start importing Assets/Game/Dialogue/Ain't that a kick in the head.asset using Guid(67fddd9ec6a8f1e4ea5b3c76aec8d396) Importer(815301076,1909f56bfc062723c751e8b465ee728b)  -> (artifact id: '78981240ed60158635335e3794063629') in 0.013616 seconds 
  Import took 0.016744 seconds .

========================================================================
Received Import Request.
  Time since last request: 42.222066 seconds.
  path: Assets/Game/Dialogue/Ain't that a kick in the head.asset
  artifactKey: Guid(67fddd9ec6a8f1e4ea5b3c76aec8d396) Importer(815301076,1909f56bfc062723c751e8b465ee728b)
Start importing Assets/Game/Dialogue/Ain't that a kick in the head.asset using Guid(67fddd9ec6a8f1e4ea5b3c76aec8d396) Importer(815301076,1909f56bfc062723c751e8b465ee728b)  -> (artifact id: '10232bc7313ebfafdab7d3d322e964ec') in 0.002983 seconds 
  Import took 0.006179 seconds .

========================================================================
Received Prepare
Registering precompiled user dll's ...
Registered in 0.003315 seconds.
Begin MonoManager ReloadAssembly
Native extension for WindowsStandalone target not found
Native extension for WebGL target not found
Refreshing native plugins compatible for Editor in 0.80 ms, found 2 plugins.
Preloading 0 native plugins for Editor in 0.00 ms.
Mono: successfully reloaded assembly
- Completed reload, in  0.959 seconds
Platform modules already initialized, skipping
Refreshing native plugins compatible for Editor in 0.78 ms, found 2 plugins.
Preloading 0 native plugins for Editor in 0.00 ms.
Unloading 2230 Unused Serialized files (Serialized files now loaded: 0)
System memory in use before: 104.0 MB.
System memory in use after: 104.2 MB.

Unloading 50 unused Assets to reduce memory usage. Loaded Objects now: 2775.
Total: 5.531800 ms (FindLiveObjects: 0.230200 ms CreateObjectMapping: 0.056700 ms MarkObjects: 5.217400 ms  DeleteObjects: 0.026400 ms)

AssetImportParameters requested are different than current active one (requested -> active):
  custom:framework-win-MediaFoundation: 216162199b28c13a410421893ffa2e32 -> 
  custom:video-decoder-ogg-theora: a1e56fd34408186e4bbccfd4996cb3dc -> 
  custom:container-muxer-webm: aa71ff27fc2769a1b78a27578f13a17b -> 
  custom:container-demuxer-webm: 4f35f7cbe854078d1ac9338744f61a02 -> 
  custom:container-demuxer-ogg: 62fdf1f143b41e24485cea50d1cbac27 -> 
  custom:video-encoder-webm-vp8: eb34c28f22e8b96e1ab97ce403110664 -> 
  custom:video-decoder-webm-vp8: 9c59270c3fd7afecdb556c50c9e8de78 -> 
  custom:audio-decoder-ogg-vorbis: bf7c407c2cedff20999df2af8eb42d56 -> 
  custom:audio-encoder-webm-vorbis: bf7c407c2cedff20999df2af8eb42d56 -> 
========================================================================
Received Import Request.
  Time since last request: 43.823346 seconds.
  path: Assets/Game/Dialogue/Ain't that a kick in the head.asset
  artifactKey: Guid(67fddd9ec6a8f1e4ea5b3c76aec8d396) Importer(815301076,1909f56bfc062723c751e8b465ee728b)
Start importing Assets/Game/Dialogue/Ain't that a kick in the head.asset using Guid(67fddd9ec6a8f1e4ea5b3c76aec8d396) Importer(815301076,1909f56bfc062723c751e8b465ee728b)  -> (artifact id: '73378e81e664d8d713454328deac23c7') in 0.013402 seconds 
  Import took 0.016510 seconds .

========================================================================
Received Prepare
Registering precompiled user dll's ...
Registered in 0.003557 seconds.
Begin MonoManager ReloadAssembly
Native extension for WindowsStandalone target not found
Native extension for WebGL target not found
Refreshing native plugins compatible for Editor in 0.98 ms, found 2 plugins.
Preloading 0 native plugins for Editor in 0.00 ms.
Mono: successfully reloaded assembly
- Completed reload, in  1.059 seconds
Platform modules already initialized, skipping
Refreshing native plugins compatible for Editor in 0.74 ms, found 2 plugins.
Preloading 0 native plugins for Editor in 0.00 ms.
Unloading 2230 Unused Serialized files (Serialized files now loaded: 0)
System memory in use before: 104.0 MB.
System memory in use after: 104.2 MB.

Unloading 50 unused Assets to reduce memory usage. Loaded Objects now: 2778.
Total: 4.761400 ms (FindLiveObjects: 0.198100 ms CreateObjectMapping: 0.056200 ms MarkObjects: 4.483200 ms  DeleteObjects: 0.023100 ms)

AssetImportParameters requested are different than current active one (requested -> active):
  custom:framework-win-MediaFoundation: 216162199b28c13a410421893ffa2e32 -> 
  custom:video-decoder-ogg-theora: a1e56fd34408186e4bbccfd4996cb3dc -> 
  custom:container-muxer-webm: aa71ff27fc2769a1b78a27578f13a17b -> 
  custom:container-demuxer-webm: 4f35f7cbe854078d1ac9338744f61a02 -> 
  custom:container-demuxer-ogg: 62fdf1f143b41e24485cea50d1cbac27 -> 
  custom:video-encoder-webm-vp8: eb34c28f22e8b96e1ab97ce403110664 -> 
  custom:video-decoder-webm-vp8: 9c59270c3fd7afecdb556c50c9e8de78 -> 
  custom:audio-decoder-ogg-vorbis: bf7c407c2cedff20999df2af8eb42d56 -> 
  custom:audio-encoder-webm-vorbis: bf7c407c2cedff20999df2af8eb42d56 -> 
========================================================================
Received Import Request.
  Time since last request: 141.519593 seconds.
  path: Assets/Game/Dialogue/Ain't that a kick in the head.asset
  artifactKey: Guid(67fddd9ec6a8f1e4ea5b3c76aec8d396) Importer(815301076,1909f56bfc062723c751e8b465ee728b)
Start importing Assets/Game/Dialogue/Ain't that a kick in the head.asset using Guid(67fddd9ec6a8f1e4ea5b3c76aec8d396) Importer(815301076,1909f56bfc062723c751e8b465ee728b)  -> (artifact id: '53e418bb03158896c51f04ee46509d15') in 0.014869 seconds 
  Import took 0.017961 seconds .

========================================================================
Received Prepare
Registering precompiled user dll's ...
Registered in 0.003126 seconds.
Begin MonoManager ReloadAssembly
Native extension for WindowsStandalone target not found
Native extension for WebGL target not found
Refreshing native plugins compatible for Editor in 0.76 ms, found 2 plugins.
Preloading 0 native plugins for Editor in 0.00 ms.
Mono: successfully reloaded assembly
- Completed reload, in  0.941 seconds
Platform modules already initialized, skipping
Refreshing native plugins compatible for Editor in 0.74 ms, found 2 plugins.
Preloading 0 native plugins for Editor in 0.00 ms.
Unloading 2230 Unused Serialized files (Serialized files now loaded: 0)
System memory in use before: 104.0 MB.
System memory in use after: 104.2 MB.

Unloading 50 unused Assets to reduce memory usage. Loaded Objects now: 2781.
Total: 4.578300 ms (FindLiveObjects: 0.193200 ms CreateObjectMapping: 0.057400 ms MarkObjects: 4.304900 ms  DeleteObjects: 0.022000 ms)

AssetImportParameters requested are different than current active one (requested -> active):
  custom:framework-win-MediaFoundation: 216162199b28c13a410421893ffa2e32 -> 
  custom:video-decoder-ogg-theora: a1e56fd34408186e4bbccfd4996cb3dc -> 
  custom:container-muxer-webm: aa71ff27fc2769a1b78a27578f13a17b -> 
  custom:container-demuxer-webm: 4f35f7cbe854078d1ac9338744f61a02 -> 
  custom:container-demuxer-ogg: 62fdf1f143b41e24485cea50d1cbac27 -> 
  custom:video-encoder-webm-vp8: eb34c28f22e8b96e1ab97ce403110664 -> 
  custom:video-decoder-webm-vp8: 9c59270c3fd7afecdb556c50c9e8de78 -> 
  custom:audio-decoder-ogg-vorbis: bf7c407c2cedff20999df2af8eb42d56 -> 
  custom:audio-encoder-webm-vorbis: bf7c407c2cedff20999df2af8eb42d56 -> 
========================================================================
Received Import Request.
  Time since last request: 43.272785 seconds.
  path: Assets/Game/Dialogue/Ain't that a kick in the head.asset
  artifactKey: Guid(67fddd9ec6a8f1e4ea5b3c76aec8d396) Importer(815301076,1909f56bfc062723c751e8b465ee728b)
Start importing Assets/Game/Dialogue/Ain't that a kick in the head.asset using Guid(67fddd9ec6a8f1e4ea5b3c76aec8d396) Importer(815301076,1909f56bfc062723c751e8b465ee728b)  -> (artifact id: 'c7c5139dd20b20879b6bc9016d35df02') in 0.014536 seconds 
  Import took 0.017604 seconds .

AssetImportWorkerClient::OnTransportError - code=2 error=End of file
